Step:   0 
Step:   1 
Current length: 50 
Calculate new foldons... finished
Generating new secondary structures... finished
active space: [0^50^75, 0^75]
Population evolution... 
Population size before selection: 2
Time: 2 
Population size after selection: 2
Selection finished 
Step:   2 
Current length: 75 
Calculate new foldons... finished
Generating new secondary structures... finished
active space: [0^50^75^100, 0^100]
Population evolution... 
Population size before selection: 2
Time: 5 
Population size after selection: 2
Selection finished 
Step:   3 
Current length: 100 
Calculate new foldons... finished
Generating new secondary structures... finished
active space: [0^50^75^100^125, 0^50^75^125, 0^125, 0^100^125]
Population evolution... 
Population size before selection: 4
Time: 7 
Population size after selection: 4
Selection finished 
Step:   4 
Current length: 125 
Calculate new foldons... finished
Generating new secondary structures... finished
active space: [0^50^75^100^125^150, 0^50^75^100^150, 0^50^75^150, 0^150, 0^50^75^125^150, 0^125^150, 0^100^125^150, 0^100^150]
Population evolution... 
Population size before selection: 8
Time: 10 
Population size after selection: 8
Selection finished 
Step:   5 
Current length: 150 
Calculate new foldons... finished
Generating new secondary structures... finished
active space: [0^50^75^100^125^150^175, 0^50^75^100^125^175, 0^50^75^100^175, 0^50^75^175, 0^175, 0^50^75^100^150^175, 0^50^75^150^175, 0^150^175, 0^50^75^125^150^175, 0^50^75^125^175, 0^125^150^175, 0^125^175, 0^100^125^150^175, 0^100^125^175, 0^100^175, 0^100^150^175]
Population evolution... 
Population size before selection: 16
Time: 12 
Population size after selection: 10
Selection finished 
Step:   6 
Current length: 175 
Calculate new foldons... finished
Generating new secondary structures... finished
active space: [0^175^200, 0^200, 0^150^175^200, 0^150^200, 0^125^150^175^200, 0^125^150^200, 0^125^200, 0^125^175^200, 0^100^175^200, 0^100^200, 0^50^75^175^200, 0^50^75^200, 0^100^150^175^200, 0^100^150^200, 0^50^75^100^175^200, 0^50^75^100^200, 0^50^75^150^175^200, 0^50^75^150^200, 0^50^75^100^150^175^200, 0^50^75^100^150^200]
Population evolution... 
Population size before selection: 20
Time: 15 
Population size after selection: 10
Selection finished 
Step:   7 
Current length: 200 
Calculate new foldons... finished
Generating new secondary structures... finished
active space: [0^200^225, 0^225, 0^125^200^225, 0^125^225, 0^175^200^225, 0^175^225, 0^150^200^225, 0^150^225, 0^125^175^200^225, 0^125^175^225, 0^125^150^200^225, 0^125^150^225, 0^150^175^200^225, 0^150^175^225, 0^125^150^175^200^225, 0^125^150^175^225, 0^100^175^200^225, 0^100^175^225, 0^100^225, 0^100^200^225]
Population evolution... 
Population size before selection: 20
Time: 17 
Population size after selection: 10
Selection finished 
Step:   8 
Current length: 225 
Calculate new foldons... finished
Generating new secondary structures... finished
active space: [0^125^225^250, 0^125^250, 0^250, 0^225^250, 0^150^225^250, 0^150^250, 0^125^150^225^250, 0^125^150^250, 0^125^200^225^250, 0^125^200^250, 0^200^225^250, 0^200^250, 0^175^225^250, 0^175^250, 0^150^200^225^250, 0^150^200^250, 0^125^175^225^250, 0^125^175^250, 0^150^175^225^250, 0^150^175^250]
Population evolution... 
Population size before selection: 20
Time: 20 
Population size after  finished
active space: [0^50^75^100^125^150^175^200^225^250, 0^50^75^100^125^150^175^200^250, 0^50^75^100^125^150^175^250, 0^50^75^100^125^150^250, 0^50^75^100^125^250, 0^50^75^100^250, 0^50^75^250, 0^250, 0^50^75^100^125^175^200^225^250, 0^50^75^100^125^175^200^250, 0^50^75^100^125^175^250, 0^50^75^125^150^175^200^225^250, 0^50^75^125^150^175^200^250, 0^50^75^125^150^175^250, 0^50^75^125^150^250, 0^50^75^125^250, 0^50^75^100^125^150^200^225^250, 0^50^75^100^125^150^200^250, 0^50^75^100^150^175^200^225^250, 0^50^75^100^150^175^200^250, 0^50^75^100^150^175^250, 0^50^75^100^150^250, 0^50^75^100^125^150^175^225^250, 0^50^75^175^200^225^250, 0^50^75 finished
active space: [0^275^300, 0^300, 0^150^275^300, 0^150^300, 0^175^250^275^300, 0^175^250^300, 0^150^250^275^300, 0^150^250^300, 0^250^275^300, 0^250^300, 0^125^275^300, 0^150^175^250^275^300, 0^150^175^250^300, 0^125^150^275^300, 0^125^150^300, 0^125^150^250^275^300, 0^125^150^250^300, 0^125^175^250^275^300, 0^125^175^250^300]
Population evolution... 
Population size before selection: 19
Time: 25 
Population  finished
active space: [0^50^75^100^125^150^175^200^225^250^275, 0^50^75^100^125^150^175^200^225^275, 0^50^75^100^125^150^175^200^275, 0^50^75^100^125^150^175^275, 0^50^75^100^125^150^2 finished
active space: [0^40^60^80^120^140^160^180^200^220, 0^40^60^80^120^140^160^180^220, 0^40^60^80^120^140^160^220, 0^40^60^80^120^140^220, 0^40^60^80^120^220, 0^40^60^80^220, 0^40^60^220, 0^40^220, 0^220, 0^40^60^80^100^120^140^160^180^200^220, 0^40^60^80^100^120^140^160^180^220, 0^40^60^80^100^120^140^160^220, 0^40^60^80^100^120^140^220, 0^40^60^80^100^120^220, 0^40^60^80^100^220, 0^40^60^80^120^160^180^200^220, 0^40^60^80^120^160^180^220, 0^40^60^80^120^160^220, 0^40^60^80^100^120^160^180^200^220, 0^40^60^80^100^120^160^180^220, 0^40^60^80^100^120^160^220, 0^40^60^80^100^140^160^180^200^220, 0^40^60^80^100^140^160^180^220, 0^40^60^80^100^140^160^220, 0^40^60^80^100^160^180^200^220, 0^40^60^80^100^160^180^220, 0^40^60^80^100^160^220, 0^40^60^80^120^140^200^220, 0^40^60^80^100^200^220, 0^40^60^80^100^120^140^200^220, 0^40^60^80^160^180^200^220, 0^40^60^80^160^180^220, 0^40^60^80^160^220]
Population evolution... 
Population size before selection: 33
Time: 900 
Population size after selection: 10
Selection finished 
Step:  10 
Current length: 220 
Calculate new foldons... finished
Generating new secondary structures... finished
active space: [0^40^60^80^120^140^160^180^200^220^240, 0^40^60^80^120^140^160^180^200^240, 0^40^60^80^120^140^160^180^240, 0^40^60^80^120^140^160^240, 0^40^60^80^120^140^240, 0^40^60^80^120^240, 0^40^60^80^240, 0^40^60^240, 0^40^240, 0^240, 0^40^60^80^100^120^140^160^180^200^220^240, 0^40^60^80^100^120^140^160^180^200^240, 0^40^60^80^100^120^140^160^180^240, 0^40^60^80^100^120^140^160^240, 0^40^60^80^100^120^140^240, 0^40^60^80^100^120^240, 0^40^60^80^100^240, 0^40^60^80^120^160^180^200^220^240, 0^40^60^80^120^160^180^200^240, 0^40^60^80^120^160^180^240, 0^40^60^80^120^160^240, 0^40^60^80^100^120^160^180^200^220^240, 0^40^60^80^100^120^160^180^200^240, 0^40^60^80^100^120^160^180^240, 0^40^60^80^100^120^160^240, 0^40^60^80^100^140^160^180^200^220^240, 0^40^60^80^100^140^160^180^200^240, 0^40^60^80^100^140^160^180^240, 0^40^60^80^100^140^160^240, 0^40^60^80^100^140^240, 0^40^60^80^100^160^180^200^220^240, 0^40^60^80^100^160^180^200^240, 0^40^60^80^100^160^180^240, 0^40^60^80^100^160^240, 0^40^60^80^120^140^200^220^240, 0^40^60^80^120^140^200^240, 0^40^60^80^100^200^220^240, 0^40^60^80^100^200^240, 0^40^60^80^100^120^140^200^220^240, 0^40^60^80^100^120^140^200^240, 0^40^60^80^160^180^200^220^240, 0^40^60^80^160^180^200^240, 0^40^60^80^160^180^240, 0^40^60^80^160^240]
Population evolution... 
Population size before selection: 44
Time: 1000 
Population size after selection: 10
Selection finished 
Step:  11 
Current length: 240 
Calculate new foldons... finished
Generating new secondary structures... finished
active space: [0^40^60^80^120^140^160^180^200^220^240^260, 0^40^60^80^120^140^160^180^200^220^260, 0^40^60^80^120^140^160^180^200^260, 0^40^60^80^120^140^160^180^260, 0^40^60^80^120^140^160^260, 0^40^60^80^120^140^260, 0^40^60^80^120^260, 0^40^60^80^260, 0^40^60^260, 0^40^260, 0^260, 0^40^60^80^100^120^140^160^180^200^220^240^260, 0^40^60^80^100^120^140^160^180^200^220^260, 0^40^60^80^100^120^140^160^180^200^260, 0^40^60^80^100^120^140^160^180^260, 0^40^60^80^100^120^140^160^260, 0^40^60^80^100^120^140^260, 0^40^60^80^100^120^260, 0^40^60^80^100^260, 0^40^60^80^120^160^180^200^220^240^260, 0^40^60^80^120^160^180^200^220^260, 0^40^60^80^120^160^180^200^260, 0^40^60^80^120^160^180^260, 0^40^60^80^120^160^260, 0^40^60^80^100^120^160^180^200^220^240^260, 0^40^60^80^100^120^160^180^200^220^260, 0^40^60^80^100^120^160^180^200^260, 0^40^60^80^100^120^160^180^260, 0^40^60^80^100^120^160^260, 0^40^60^80^100^140^160^180^200^220^240^260, 0^40^60^80^100^140^160^180^200^220^260, 0^40^60^80^100^140^160^180^200^260, 0^40^60^80^100^140^160^180^260, 0^40^60^80^100^140^160^260, 0^40^60^80^100^140^260, 0^40^60^80^100^160^180^200^220^240^260, 0^40^60^80^100^160^180^200^220^260, 0^40^60^80^100^160^180^200^260, 0^40^60^80^100^160^180^260, 0^40^60^80^100^160^260, 0^40^60^80^120^140^200^220^240^260, 0^40^60^80^120^140^200^220^260, 0^40^60^80^120^140^200^260, 0^40^60^80^100^200^220^240^260, 0^40^60^80^100^200^220^260, 0^40^60^80^100^200^260, 0^40^60^80^100^120^140^200^220^240^260, 0^40^60^80^100^120^140^200^220^260, 0^40^60^80^100^120^140^200^260, 0^40^60^80^120^140^160^180^200^240^260]
Population evolution... 
Population size before selection: 50
Time: 1100 
Population size after selection: 10
Selection finished 
Step:  12 
Current length: 260 
Calculate new foldons... finished
Generating new secondary structures... finished
active space: [0^40^60^80^120^140^160^180^200^220^240^260^280, 0^40^60^80^120^140^160^180^200^220^280, 0^40^60^80^120^140^160^180^200^280, 0^40^60^80^120^140^160^180^280, 0^40^60^80^120^140^160^280, 0^40^60^80^120^140^280, 0^40^60^80^120^280, 0^40^60^80^280, 0^40^60^280, 0^40^280, 0^280, 0^40^60^80^100^120^140^160^180^200^220^240^260^280, 0^40^60^80^100^120^140^160^180^200^220^280, 0^40^60^80^100^120^140^160^180^200^280, 0^40^60^80^100^120^140^160^180^280, 0^40^60^80^100^120^140^160^280, 0^40^60^80^100^120^140^280, 0^40^60^80^100^120^280, 0^40^60^80^100^280, 0^40^60^80^120^160^180^200^220^240^260^280, 0^40^60^80^120^160^180^200^220^280, 0^40^60^80^120^160^180^200^280, 0^40^60^80^120^160^180^280, 0^40^60^80^120^160^280, 0^40^60^80^100^120^160^180^200^220^240^260^280, 0^40^60^80^100^120^160^180^200^220^280, 0^40^60^80^100^120^160^180^200^280, 0^40^60^80^100^120^160^180^280, 0^40^60^80^100^120^160^280, 0^40^60^80^100^140^160^180^200^220^240^260^280, 0^40^60^80^100^140^160^180^200^220^280, 0^40^60^80^100^140^160^180^200^280, 0^40^60^80^100^140^160^180^280, 0^40^60^80^100^140^160^280, 0^40^60^80^100^140^280, 0^40^60^80^100^160^180^200^220^240^260^280, 0^40^60^80^100^160^180^200^220^280, 0^40^60^80^100^160^180^200^280, 0^40^60^80^100^160^180^280, 0^40^60^80^100^160^280, 0^40^60^80^120^140^200^220^240^260^280, 0^40^60^80^120^140^200^220^280, 0^40^60^80^120^140^200^280, 0^40^60^80^100^200^220^240^260^280, 0^40^60^80^100^200^220^280, 0^40^60^80^100^200^280, 0^40^60^80^100^120^140^200^220^240^260^280, 0^40^60^80^100^120^140^200^220^280, 0^40^60^80^100^120^140^200^280, 0^40^60^80^120^140^160^180^200^240^260^280]
Population evolution... 
Population size before selection: 50
Time: 1200 
Population size after selection: 10
Selection finished 
Step:  13 
Current length: 280 
Calculate new foldons... finished
Generating new secondary structures... finished
active space: [0^40^60^80^120^140^160^180^200^220^240^260^280^300, 0^40^60^80^120^140^160^180^200^220^240^260^300, 0^40^60^80^120^140^160^180^200^220^300, 0^40^60^80^120^140^160^180^200^300, 0^40^60^80^120^140^160^180^300, 0^40^60^80^120^140^160^300, 0^40^60^80^120^140^300, 0^40^60^80^120^300, 0^40^60^80^300, 0^40^60^300, 0^40^300, 0^300, 0^40^60^80^100^120^140^160^180^200^220^240^260^280^300, 0^40^60^80^100^120^140^160^180^200^220^240^260^300, 0^40^60^80^100^120^140^160^180^200^220^300, 0^40^60^80^100^120^140^160^180^200^300, 0^40^60^80^100^120^140^160^180^300, 0^40^60^80^100^120^140^160^300, 0^40^60^80^100^120^140^300, 0^40^60^80^100^120^300, 0^40^60^80^100^300, 0^40^60^80^120^160^180^200^220^240^260^280^300, 0^40^60^80^120^160^180^200^220^240^260^300, 0^40^60^80^120^160^180^200^220^300, 0^40^60^80^120^160^180^200^300, 0^40^60^80^120^160^180^300, 0^40^60^80^120^160^300, 0^40^60^80^100^120^160^180^200^220^240^260^280^300, 0^40^60^80^100^120^160^180^200^220^240^260^300, 0^40^60^80^100^120^160^180^200^220^300, 0^40^60^80^100^120^160^180^200^300, 0^40^60^80^100^120^160^180^300, 0^40^60^80^100^120^160^300, 0^40^60^80^100^140^160^180^200^220^240^260^280^300, 0^40^60^80^100^140^160^180^200^220^240^260^300, 0^40^60^80^100^140^160^180^200^220^300, 0^40^60^80^100^140^160^180^200^300, 0^40^60^80^100^140^160^180^300, 0^40^60^80^100^140^160^300, 0^40^60^80^100^140^300, 0^40^60^80^100^160^180^200^220^240^260^280^300, 0^40^60^80^100^160^180^200^220^240^260^300, 0^40^60^80^100^160^180^200^220^300, 0^40^60^80^100^160^180^200^300, 0^40^60^80^100^160^180^300, 0^40^60^80^100^160^300, 0^40^60^80^120^140^200^220^240^260^280^300, 0^40^60^80^120^140^200^220^240^260^300, 0^40^60^80^120^140^200^220^300, 0^40^60^80^120^140^200^300, 0^40^60^80^100^200^220^240^260^280^300, 0^40^60^80^100^200^220^240^260^300, 0^40^60^80^100^200^220^300, 0^40^60^80^100^200^300, 0^40^60^80^120^140^160^180^200^240^260^280^300, 0^40^60^80^120^140^160^180^200^240^260^300, 0^40^60^80^100^120^140^200^220^240^260^280^300, 0^40^60^80^100^120^140^200^220^240^260^300, 0^40^60^80^100^120^140^200^220^300, 0^40^60^80^100^120^140^200^300]
Population evolution... 
Population size before selection: 60
Time: 1300 
Population size after selection: 10
Selection finished 
Step:  14 
Current length: 300 
Calculate new foldons... finished
Generating new secondary structures... finished
active space: [0^40^60^80^120^140^160^180^200^220^240^260^280^300^320, 0^40^60^80^120^140^160^180^200^220^240^260^280^320, 0^40^60^80^120^140^160^180^200^220^240^260^320, 0^40^60^80^120^140^160^180^200^220^240^320, 0^40^60^80^120^140^160^180^200^220^320, 0^40^60^80^120^140^160^180^200^320, 0^40^60^80^120^140^160^180^320, 0^40^60^80^120^140^160^320, 0^40^60^80^120^140^320, 0^40^60^80^120^320, 0^40^60^80^320, 0^40^60^320, 0^40^320, 0^320, 0^40^60^80^100^120^140^160^180^200^220^240^260^280^300^320, 0^40^60^80^100^120^140^160^180^200^220^240^260^280^320, 0^40^60^80^100^120^140^160^180^200^220^240^260^320, 0^40^60^80^100^120^140^160^180^200^220^240^320, 0^40^60^80^100^120^140^160^180^200^220^320, 0^40^60^80^100^120^140^160^180^200^320, 0^40^60^80^100^120^140^160^180^320, 0^40^60^80^100^120^140^160^320, 0^40^60^80^100^120^140^320, 0^40^60^80^100^120^320, 0^40^60^80^100^320, 0^40^60^80^120^160^180^200^220^240^260^280^300^320, 0^40^60^80^120^160^180^200^220^240^260^280^320, 0^40^60^80^120^160^180^200^220^240^260^320, 0^40^60^80^120^160^180^200^220^240^320, 0^40^60^80^120^160^180^200^220^320, 0^40^60^80^120^160^180^200^320, 0^40^60^80^120^160^180^320, 0^40^60^80^120^160^320, 0^40^60^80^100^120^160^180^200^220^240^260^280^300^320, 0^40^60^80^100^120^160^180^200^220^240^260^280^320, 0^40^60^80^100^120^160^180^200^220^240^260^320, 0^40^60^80^100^120^160^180^200^220^240^320, 0^40^60^80^100^120^160^180^200^220^320, 0^40^60^80^100^120^160^180^200^320, 0^40^60^80^100^120^160^180^320, 0^40^60^80^100^120^160^320, 0^40^60^80^100^140^160^180^200^220^240^260^280^300^320, 0^40^60^80^100^140^160^180^200^220^240^260^280^320, 0^40^60^80^100^140^160^180^200^220^240^260^320, 0^40^60^80^100^140^160^180^200^220^240^320, 0^40^60^80^100^140^160^180^200^220^320, 0^40^60^80^100^140^160^180^200^320, 0^40^60^80^100^140^160^180^320, 0^40^60^80^100^140^160^320, 0^40^60^80^100^140^320, 0^40^60^80^100^160^180^200^220^240^260^280^300^320, 0^40^60^80^100^160^180^200^220^240^260^280^320, 0^40^60^80^100^160^180^200^220^240^260^320, 0^40^60^80^100^160^180^200^220^240^320, 0^40^60^80^100^160^180^200^220^320, 0^40^60^80^100^160^180^200^320, 0^40^60^80^100^160^180^320, 0^40^60^80^100^160^320, 0^40^60^80^120^140^200^220^240^260^280^300^320, 0^40^60^80^120^140^200^220^240^260^280^320, 0^40^60^80^120^140^200^220^240^260^320, 0^40^60^80^120^140^200^220^240^320, 0^40^60^80^120^140^200^220^320, 0^40^60^80^120^140^200^320, 0^40^60^80^100^200^220^240^260^280^300^320, 0^40^60^80^100^200^220^240^260^280^320, 0^40^60^80^100^200^220^240^260^320, 0^40^60^80^100^200^220^240^320, 0^40^60^80^100^200^220^320, 0^40^60^80^100^200^320, 0^40^60^80^120^140^160^180^200^240^260^280^300^320, 0^40^60^80^120^140^160^180^200^240^260^280^320, 0^40^60^80^120^140^160^180^200^240^260^320, 0^40^60^80^120^140^160^180^200^240^320, 0^40^60^80^100^120^140^200^220^240^260^280^300^320, 0^40^60^80^100^120^140^200^220^240^260^280^320, 0^40^60^80^100^120^140^200^220^240^260^320, 0^40^60^80^100^120^140^200^220^240^320, 0^40^60^80^100^120^140^200^220^320, 0^40^60^80^100^120^140^200^320]
Population evolution... 
Population size before selection: 80
Time: 1400 
Population size after selection: 10
Selection finished 
Step:  15 
Current length: 320 
Calculate new foldons... finished
Generating new secondary structures... finished
active space: [0^40^60^80^120^140^160^180^200^220^240^260^280^300^320^340, 0^40^60^80^120^140^160^180^200^220^240^260^280^300^340, 0^40^60^80^120^140^160^180^200^220^240^260^280^340, 0^40^60^80^120^140^160^180^200^220^240^260^340, 0^40^60^80^120^140^160^180^200^220^240^340, 0^40^60^80^120^140^160^180^200^220^340, 0^40^60^80^120^140^160^180^200^340, 0^40^60^80^120^140^160^180^340, 0^40^60^80^120^140^160^340, 0^40^60^80^120^140^340, 0^40^60^80^120^340, 0^40^60^80^340, 0^40^60^340, 0^40^340, 0^340, 0^40^60^80^100^120^140^160^180^200^220^240^260^280^300^320^340, 0^40^60^80^100^120^140^160^180^200^220^240^260^280^300^340, 0^40^60^80^100^120^140^160^180^200^220^240^260^280^340, 0^40^60^80^100^120^140^160^180^200^220^240^260^340, 0^40^60^80^100^120^140^160^180^200^220^240^340, 0^40^60^80^100^120^140^160^180^200^220^340, 0^40^60^80^100^120^140^160^180^200^340, 0^40^60^80^100^120^140^160^180^340, 0^40^60^80^100^120^140^160^340, 0^40^60^80^100^120^140^340, 0^40^60^80^100^120^340, 0^40^60^80^100^340, 0^40^60^80^120^160^180^200^220^240^260^280^300^320^340, 0^40^60^80^120^160^180^200^220^240^260^280^300^340, 0^40^60^80^120^160^180^200^220^240^260^280^340, 0^40^60^80^120^160^180^200^220^240^260^340, 0^40^60^80^120^160^180^200^220^240^340, 0^40^60^80^120^160^180^200^220^340, 0^40^60^80^120^160^180^200^340, 0^40^60^80^120^160^180^340, 0^40^60^80^120^160^340, 0^40^60^80^100^120^160^180^200^220^240^260^280^300^320^340, 0^40^60^80^100^120^160^180^200^220^240^260^280^300^340, 0^40^60^80^100^120^160^180^200^220^240^260^280^340, 0^40^60^80^100^120^160^180^200^220^240^260^340, 0^40^60^80^100^120^160^180^200^220^240^340, 0^40^60^80^100^120^160^180^200^220^340, 0^40^60^80^100^120^160^180^200^340, 0^40^60^80^100^120^160^180^340, 0^40^60^80^100^120^160^340, 0^40^60^80^100^140^160^180^200^220^240^260^280^300^320^340, 0^40^60^80^100^140^160^180^200^220^240^260^280^300^340, 0^40^60^80^100^140^160^180^200^220^240^260^280^340, 0^40^60^80^100^140^160^180^200^220^240^260^340, 0^40^60^80^100^140^160^180^200^220^240^340, 0^40^60^80^100^140^160^180^200^220^340, 0^40^60^80^100^140^160^180^200^340, 0^40^60^80^100^140^160^180^340, 0^40^60^80^100^140^160^340, 0^40^60^80^100^140^340, 0^40^60^80^100^160^180^200^220^240^260^280^300^320^340, 0^40^60^80^100^160^180^200^220^240^260^280^300^340, 0^40^60^80^100^160^180^200^220^240^260^280^340, 0^40^60^80^100^160^180^200^220^240^260^340, 0^40^60^80^100^160^180^200^220^240^340, 0^40^60^80^100^160^180^200^220^340, 0^40^60^80^100^160^180^200^340, 0^40^60^80^100^160^180^340, 0^40^60^80^100^160^340, 0^40^60^80^120^140^200^220^240^260^280^300^320^340, 0^40^60^80^120^140^200^220^240^260^280^300^340, 0^40^60^80^120^140^200^220^240^260^280^340, 0^40^60^80^120^140^200^220^240^260^340, 0^40^60^80^120^140^200^220^240^340, 0^40^60^80^120^140^200^220^340, 0^40^60^80^120^140^200^340, 0^40^60^80^120^140^160^180^200^240^260^280^300^320^340, 0^40^60^80^120^140^160^180^200^240^260^280^300^340, 0^40^60^80^120^140^160^180^200^240^260^280^340, 0^40^60^80^120^140^160^180^200^240^260^340, 0^40^60^80^120^140^160^180^200^240^340, 0^40^60^80^100^200^220^240^260^280^300^320^340, 0^40^60^80^100^200^220^240^260^280^300^340, 0^40^60^80^100^200^220^240^260^280^340, 0^40^60^80^100^200^220^240^260^340, 0^40^60^80^100^200^220^240^340, 0^40^60^80^100^200^220^340, 0^40^60^80^100^200^340, 0^40^60^80^100^120^140^200^220^240^260^280^300^320^340, 0^40^60^80^100^120^140^200^220^240^260^280^300^340, 0^40^60^80^100^120^140^200^220^240^260^280^340, 0^40^60^80^100^120^140^200^220^240^260^340, 0^40^60^80^100^120^140^200^220^240^340, 0^40^60^80^100^120^140^200^220^340, 0^40^60^80^100^120^140^200^340]
Population evolution... 
Population size before selection: 90
Time: 1500 
Population size after selection: 10
Selection finished 
Step:  16 
Current length: 340 
Calculate new foldons... finished
Generating new secondary structures...50^275^300^325^425, 0^50^75^100^125^150^175^200^250^275^300^425, 0^50^75^100^125^150^175^200^250^275^425, 0^50^75^100^125^150^175^200^250^425, 0^50^75^100^125^150^175^200^225^250^325^350^375^400^425, 0^50^75^100^125^150^175^200^225^250^325^350^375^425, 0^50^75^100^125^150^175^200^225^250^325^425, 0^50^75^100^125^150^175^200^225^250^300^325^350^375^400^425, 0^50^75^100^125^150^175^200^225^250^300^325^350^375^425, 0^50^75^100^125^150^175^200^225^250^300^325^425, 0^50^75^100^125^150^175^200^225^250^300^425]
Population evolution... 
Population size before selection: 74
Time: 37 
Population size after selection: 10
Selection finished 
Step:  16 
Current length: 425 
Calculate new foldons... finished
Generating new secondary structures... finished
active space: [0^50^75^100^125^150^175^200^225^250^275^300^325^350^375^400^425^450, 0^50^75^100^125^150^175^200^225^250^275^300^325^350^375^400^450, 0^50^75^100^125^150^175^200^225^250^275^300^325^350^375^450, 0^50^75^100^125^150^175^200^225^250^275^300^325^350^450, 0^50^75^100^125^150^175^200^225^250^275^300^325^450, 0^50^75^100^125^150^175^200^225^250^275^300^450, 0^50^75^100^125^150^175^200^225^250^275^450, 0^50^75^100^125^150^175^200^225^250^450, 0^50^75^100^125^150^175^200^225^450, 0^50^75^100^125^150^175^200^450, 0^50^75^100^125^150^175^450, 0^50^75^100^125^150^450, 0^50^75^100^125^450, 0^50^75^100^450, 0^450, 0^50^75^100^125^175^200^225^250^275^300^325^350^375^400^425^450, 0^50^75^100^125^175^200^225^250^275^300^325^350^375^400^450, 0^50^75^100^125^175^200^225^250^275^300^325^350^375^450, 0^50^75^100^125^175^200^225^250^275^300^325^350^450, 0^50^75^100^125^175^200^225^250^275^300^325^450, 0^50^75^100^125^175^200^225^250^275^300^450, 0^50^75^100^125^175^200^225^250^275^450, 0^50^75^100^125^175^200^225^250^450, 0^50^75^100^125^175^200^225^450, 0^50^75^100^125^175^200^450, 0^50^75^100^125^175^450, 0^50^75^100^125^150^175^200^225^250^275^300^325^350^375^425^450, 0^50^75^100^125^150^200^225^250^275^300^325^350^375^400^425^450, 0^50^75^100^125^150^200^225^250^275^300^325^350^375^400^450, 0^50^75^100^125^150^200^225^250^275^300^325^350^375^450, 0^50^75^100^125^150^200^225^250^275^300^325^350^450, 0^50^75^100^125^150^200^225^250^275^300^325^450, 0^50^75^100^125^150^200^225^250^275^300^450, 0^50^75^100^125^150^200^225^250^275^450, 0^50^75^100^125^150^200^225^250^450, 0^50^75^100^125^150^200^225^450, 0^50^75^100^125^150^200^450, 0^50^75^125^150^175^200^225^250^275^300^325^350^375^400^425^450, 0^50^75^125^150^175^200^225^250^275^300^325^350^375^400^450, 0^50^75^125^150^175^200^225^250^275^300^325^350^375^450, 0^50^75^125^150^175^200^225^250^275^300^325^350^450, 0^50^75^125^150^175^200^225^250^275^300^325^450, 0^50^75^125^150^175^200^225^250^275^300^450, 0^50^75^125^150^175^200^225^250^275^450, 0^50^75^125^150^175^200^225^250^450, 0^50^75^125^150^175^200^225^450, 0^50^75^125^150^175^200^450, 0^50^75^125^150^175^450, 0^50^75^125^150^450, 0^50^75^125^450, 0^50^75^100^125^150^175^200^225^250^275^325^350^375^400^425^450, 0^50^75^100^125^150^175^200^225^250^275^325^350^375^400^450, 0^50^75^100^125^150^175^200^225^250^275^325^350^375^450, 0^50^75^100^125^150^175^200^225^250^275^325^350^450, 0^50^75^100^125^150^175^200^225^250^275^325^450, 0^50^75^100^150^175^200^225^250^275^300^325^350^375^400^425^450, 0^50^75^100^150^175^200^225^250^275^300^325^350^375^400^450, 0^50^75^100^150^175^200^225^250^275^300^325^350^375^450, 0^50^75^100^150^175^200^225^250^275^300^325^350^450, 0^50^75^100^150^175^200^225^250^275^300^325^450, 0^50^75^100^150^175^200^225^250^275^300^450, 0^50^75^100^150^175^200^225^250^275^450, 0^50^75^100^150^175^200^225^250^450, 0^50^75^100^150^175^200^225^450, 0^50^75^100^150^175^200^450, 0^50^75^100^150^175^450, 0^50^75^100^150^450, 0^50^75^100^125^150^175^225^250^275^300^325^350^375^400^425^450, 0^50^75^100^125^150^175^225^250^275^300^325^350^375^400^450, 0^50^75^100^125^150^175^225^250^275^300^325^350^375^450, 0^50^75^100^125^150^175^225^250^275^300^325^350^450, 0^50^75^100^125^150^175^225^250^275^300^325^450, 0^50^75^100^125^150^175^225^250^275^300^450, 0^50^75^100^125^150^175^225^250^275^450, 0^50^75^100^125^150^175^225^250^450, 0^50^75^100^125^150^175^225^450, 0^50^75^100^125^150^175^200^250^275^300^325^350^375^400^425^450, 0^50^75^100^125^150^175^200^250^275^300^325^350^375^400^450, 0^50^75^100^125^150^175^200^250^275^300^325^350^375^450, 0^50^75^100^125^150^175^200^250^275^300^325^350^450, 0^50^75^100^125^150^175^200^250^275^300^325^450, 0^50^75^100^125^150^175^200^250^275^300^450, 0^50^75^100^125^150^175^200^250^275^450, 0^50^75^100^125^150^175^200^250^450, 0^50^75^100^125^150^175^200^225^250^325^350^375^400^425^450, 0^50^75^100^125^150^175^200^225^250^325^350^375^400^450, 0^50^75^100^125^150^175^200^225^250^325^350^375^450, 0^50^75^100^125^150^175^200^225^250^325^350^450, 0^50^75^100^125^150^175^200^225^250^325^450]
Population evolution... 
Population size before selection: 89
Time: 40 
Population size after selection: 10
Selection finished 
Step:  17 
Current length: 450 
Calculate new foldons... finished
Generating new secondary structures... finished
active space: [0^50^75^100^125^150^175^200^225^250^275^300^325^350^375^400^425^450^475, 0^50^75^100^125^150^175^200^225^250^275^300^325^350^375^400^425^475, 0^50^75^100^125^150^175^200^225^250^275^300^325^350^375^400^475, 0^50^75^100^125^150^175^200^225^250^275^300^325^350^375^475, 0^50^75^100^125^150^175^200^225^250^275^300^325^350^475, 0^50^75^100^125^150^175^200^225^250^275^300^325^475, 0^50^75^100^125^150^175^200^225^250^275^300^475, 0^50^75^100^125^150^175^200^225^250^275^475, 0^50^75^100^125^150^175^200^225^250^475, 0^50^75^100^125^150^175^200^225^475, 0^50^75^100^125^150^175^200^475, 0^50^75^100^125^150^175^475, 0^50^75^100^125^150^475, 0^50^75^100^125^475, 0^50^75^100^475, 0^475, 0^50^75^100^125^175^200^225^250^275^300^325^350^375^400^425^450^475, 0^50^75^100^125^175^200^225^250^275^300^325^350^375^400^425^475, 0^50^75^100^125^175^200^225^250^275^300^325^350^375^400^475, 0^50^75^100^125^175^200^225^250^275^300^325^350^375^475, 0^50^75^100^125^175^200^225^250^275^300^325^350^475, 0^50^75^100^125^175^200^225^250^275^300^325^475, 0^50^75^100^125^175^200^225^250^275^300^475, 0^50^75^100^125^175^200^225^250^275^475, 0^50^75^100^125^175^200^225^250^475, 0^50^75^100^125^175^200^225^475, 0^50^75^100^125^175^200^475, 0^50^75^100^125^175^475, 0^50^75^100^125^150^175^200^225^250^275^300^325^350^375^425^450^475, 0^50^75^100^125^150^175^200^225^250^275^300^325^350^375^425^475, 0^50^75^100^125^150^200^225^250^275^300^325^350^375^400^425^450^475, 0^50^75^100^125^150^200^225^250^275^300^325^350^375^400^425^475, 0^50^75^100^125^150^200^225^250^275^300^325^350^375^400^475, 0^50^75^100^125^150^200^225^250^275^300^325^350^375^475, 0^50^75^100^125^150^200^225^250^275^300^325^350^475, 0^50^75^100^125^150^200^225^250^275^300^325^475, 0^50^75^100^125^150^200^225^250^275^300^475, 0^50^75^100^125^150^200^225^250^275^475, 0^50^75^100^125^150^200^225^250^475, 0^50^75^100^125^150^200^225^475, 0^50^75^100^125^150^200^475, 0^50^75^125^150^175^200^225^250^275^300^325^350^375^400^425^450^475, 0^50^75^125^150^175^200^225^250^275^300^325^350^375^400^425^475, 0^50^75^125^150^175^200^225^250^275^300^325^350^375^400^475, 0^50^75^125^150^175^200^225^250^275^300^325^350^375^475, 0^50^75^125^150^175^200^225^250^275^300^325^350^475, 0^50^75^125^150^175^200^225^250^275^300^325^475, 0^50^75^125^150^175^200^225^250^275^300^475, 0^50^75^125^150^175^200^225^250^275^475, 0^50^75^125^150^175^200^225^250^475, 0^50^75^125^150^175^200^225^475, 0^50^75^125^150^175^200^475, 0^50^75^125^150^175^475, 0^50^75^125^150^475, 0^50^75^125^475, 0^50^75^100^125^150^175^200^225^250^275^325^350^375^400^425^450^475, 0^50^75^100^125^150^175^200^225^250^275^325^350^375^400^425^475, 0^50^75^100^125^150^175^200^225^250^275^325^350^375^400^475, 0^50^75^100^125^150^175^200^225^250^275^325^350^375^475, 0^50^75^100^125^150^175^200^225^250^275^325^350^475, 0^50^75^100^125^150^175^200^225^250^275^325^475, 0^50^75^100^150^175^200^225^250^275^300^325^350^375^400^425^450^475, 0^50^75^100^150^175^200^225^250^275^300^325^350^375^400^425^475, 0^50^75^100^150^175^200^225^250^275^300^325^350^375^400^475, 0^50^75^100^150^175^200^225^250^275^300^325^350^375^475, 0^50^75^100^150^175^200^225^250^275^300^325^350^475, 0^50^75^100^150^175^200^225^250^275^300^325^475, 0^50^75^100^150^175^200^225^250^275^300^475, 0^50^75^100^150^175^200^225^250^275^475, 0^50^75^100^150^175^200^225^250^475, 0^50^75^100^150^175^200^225^475, 0^50^75^100^150^175^200^475, 0^50^75^100^150^175^475, 0^50^75^100^150^475, 0^50^75^100^125^150^175^225^250^275^300^325^350^375^400^425^450^475, 0^50^75^100^125^150^175^225^250^275^300^325^350^375^400^425^475, 0^50^75^100^125^150^175^225^250^275^300^325^350^375^400^475, 0^50^75^100^125^150^175^225^250^275^300^325^350^375^475, 0^50^75^100^125^150^175^225^250^275^300^325^350^475, 0^50^75^100^125^150^175^225^250^275^300^325^475, 0^50^75^100^125^150^175^225^250^275^300^475, 0^50^75^100^125^150^175^225^250^275^475, 0^50^75^100^125^150^175^225^250^475, 0^50^75^100^125^150^175^225^475, 0^50^75^100^125^150^175^200^250^275^300^325^350^375^400^425^450^475, 0^50^75^100^125^150^175^200^250^275^300^325^350^375^400^425^475, 0^50^75^100^125^150^175^200^250^275^300^325^350^375^400^475, 0^50^75^100^125^150^175^200^250^275^300^325^350^375^475, 0^50^75^100^125^150^175^200^250^275^300^325^350^475, 0^50^75^100^125^150^175^200^250^275^300^325^475, 0^50^75^100^125^150^175^200^250^275^300^475, 0^50^75^100^125^150^175^200^250^275^475, 0^50^75^100^125^150^175^200^250^475, 0^50^75^100^125^150^175^200^225^250^325^350^375^400^425^450^475, 0^50^75^100^125^150^175^200^225^250^325^350^375^400^425^475, 0^50^75^100^125^150^175^200^225^250^325^350^375^400^475, 0^50^75^100^125^150^175^200^225^250^325^350^375^475, 0^50^75^100^125^150^175^200^225^250^325^350^475, 0^50^75^100^125^150^175^200^225^250^325^475]
Population evolution... 
Population size before selection: 99
Time: 42 
Population size after selection: 10
Selection finished 
Step:  18 
Current length: 475 
Calculate new foldons... finished
Generating new secondary structures...200^220^240^260^280^300^400, 0^40^60^80^100^120^140^160^180^200^220^240^260^280^400, 0^40^60^80^100^120^140^160^180^200^220^240^260^400, 0^40^60^80^100^120^140^160^180^200^220^240^400, 0^40^60^80^100^120^140^160^180^200^220^400, 0^40^60^80^100^120^140^160^180^200^400, 0^40^60^80^100^120^140^160^180^400, 0^40^60^80^100^120^140^160^400, 0^40^60^80^100^120^140^400, 0^40^60^80^100^120^400, 0^40^60^80^120^160^180^200^220^240^260^280^300^320^340^360^380^400, 0^40^60^80^120^160^180^200^220^240^260^280^300^320^340^360^400, 0^40^60^80^120^160^180^200^220^240^260^280^300^320^340^400, 0^40^60^80^120^160^180^200^220^240^260^280^300^320^400, 0^40^60^80^120^160^180^200^220^240^260^280^300^400, 0^40^60^80^120^160^180^200^220^240^260^280^400, 0^40^60^80^120^160^180^200^220^240^260^400, 0^40^60^80^120^160^180^200^220^240^400, 0^40^60^80^120^160^180^200^220^400, 0^40^60^80^120^160^180^200^400, 0^40^60^80^120^160^180^400, 0^40^60^80^120^160^400, 0^40^60^80^100^120^160^180^200^220^240^260^280^300^320^340^360^380^400, 0^40^60^80^100^120^160^180^200^220^240^260^280^300^320^340^360^400, 0^40^60^80^100^120^160^180^200^220^240^260^280^300^320^340^400, 0^40^60^80^100^120^160^180^200^220^240^260^280^300^320^400, 0^40^60^80^100^120^160^180^200^220^240^260^280^300^400, 0^40^60^80^100^120^160^180^200^220^240^260^280^400, 0^40^60^80^100^120^160^180^200^220^240^260^400, 0^40^60^80^100^120^160^180^200^220^240^400, 0^40^60^80^100^120^160^180^200^220^400, 0^40^60^80^100^120^160^180^200^400, 0^40^60^80^100^120^160^180^400, 0^40^60^80^100^120^160^400, 0^40^60^80^100^140^160^180^200^220^240^260^280^300^320^340^360^380^400, 0^40^60^80^100^140^160^180^200^220^240^260^280^300^320^340^360^400, 0^40^60^80^100^140^160^180^200^220^240^260^280^300^320^340^400, 0^40^60^80^100^140^160^180^200^220^240^260^280^300^320^400, 0^40^60^80^100^140^160^180^200^220^240^260^280^300^400, 0^40^60^80^100^140^160^180^200^220^240^260^280^400, 0^40^60^80^100^140^160^180^200^220^240^260^400, 0^40^60^80^100^140^160^180^200^220^240^400, 0^40^60^80^100^140^160^180^200^220^400, 0^40^60^80^100^140^160^180^200^400, 0^40^60^80^100^140^160^180^400, 0^40^60^80^100^140^160^400, 0^40^60^80^100^140^400, 0^40^60^80^120^140^200^220^240^260^280^300^320^340^360^380^400, 0^40^60^80^120^140^200^220^240^260^280^300^320^340^360^400, 0^40^60^80^120^140^200^220^240^260^280^300^320^340^400, 0^40^60^80^120^140^200^220^240^260^280^300^320^400, 0^40^60^80^120^140^200^220^240^260^280^300^400, 0^40^60^80^120^140^200^220^240^260^280^400, 0^40^60^80^120^140^200^220^240^260^400, 0^40^60^80^120^140^200^220^240^400, 0^40^60^80^120^140^200^220^400, 0^40^60^80^120^140^200^400, 0^40^60^80^100^160^180^200^220^240^260^280^300^320^340^360^380^400, 0^40^60^80^100^160^180^200^220^240^260^280^300^320^340^360^400, 0^40^60^80^100^160^180^200^220^240^260^280^300^320^340^400, 0^40^60^80^100^160^180^200^220^240^260^280^300^320^400, 0^40^60^80^100^160^180^200^220^240^260^280^300^400, 0^40^60^80^100^160^180^200^220^240^260^280^400, 0^40^60^80^100^160^180^200^220^240^260^400, 0^40^60^80^100^160^180^200^220^240^400, 0^40^60^80^100^160^180^200^220^400, 0^40^60^80^100^160^180^200^400, 0^40^60^80^100^160^180^400, 0^40^60^80^100^160^400, 0^40^60^80^120^140^160^180^200^240^260^280^300^320^340^360^380^400, 0^40^60^80^120^140^160^180^200^240^260^280^300^320^340^360^400, 0^40^60^80^120^140^160^180^200^240^260^280^300^320^340^400, 0^40^60^80^120^140^160^180^200^240^260^280^300^320^400, 0^40^60^80^120^140^160^180^200^240^260^280^300^400, 0^40^60^80^120^140^160^180^200^240^260^280^400, 0^40^60^80^120^140^160^180^200^240^260^400, 0^40^60^80^120^140^160^180^200^240^400, 0^40^60^80^100^200^220^240^260^280^300^320^340^360^380^400, 0^40^60^80^100^200^220^240^260^280^300^320^340^360^400, 0^40^60^80^100^200^220^240^260^280^300^320^340^400, 0^40^60^80^100^200^220^240^260^280^300^320^400, 0^40^60^80^100^200^220^240^260^280^300^400, 0^40^60^80^100^200^220^240^260^280^400, 0^40^60^80^100^200^220^240^260^400, 0^40^60^80^100^200^220^240^400, 0^40^60^80^100^200^220^400, 0^40^60^80^100^200^400, 0^40^60^80^100^120^140^200^220^240^260^280^300^320^340^360^380^400, 0^40^60^80^100^120^140^200^220^240^260^280^300^320^340^360^400, 0^40^60^80^100^120^140^200^220^240^260^280^300^320^340^400, 0^40^60^80^100^120^140^200^220^240^260^280^300^320^400, 0^40^60^80^100^120^140^200^220^240^260^280^300^400, 0^40^60^80^100^120^140^200^220^240^260^280^400, 0^40^60^80^100^120^140^200^220^240^260^400, 0^40^60^80^100^120^140^200^220^240^400, 0^40^60^80^100^120^140^200^220^400, 0^40^60^80^100^120^140^200^400]
Population evolution... 
Population size before selection: 119
Time: 1800 
Population size after selection: 10
Selection finished 
Step:  19 
Current length: 400 
Calculate new foldons... finished
Generating new secondary structures... finished
active space: [0^40^60^80^120^140^160^180^200^220^240^260^280^300^320^340^360^380^400^420, 0^40^60^80^120^140^160^180^200^220^240^260^280^300^320^340^360^380^420, 0^40^60^80^120^140^160^180^200^220^240^260^280^300^320^340^360^420, 0^40^60^80^120^140^160^180^200^220^240^260^280^300^320^340^420, 0^40^60^80^120^140^160^180^200^220^240^260^280^300^320^420, 0^40^60^80^120^140^160^180^200^220^240^260^280^300^420, 0^40^60^80^120^140^160^180^200^220^240^260^280^420, 0^40^60^80^120^140^160^180^200^220^240^260^420, 0^40^60^80^120^140^160^180^200^220^240^420, 0^40^60^80^120^140^160^180^200^220^420, 0^40^60^80^120^140^160^180^200^420, 0^40^60^80^120^140^160^180^420, 0^40^60^80^120^140^160^420, 0^40^60^80^120^140^420, 0^40^60^80^120^420, 0^40^60^80^420, 0^40^60^420, 0^40^420, 0^420, 0^40^60^80^120^160^180^200^220^240^260^280^300^320^340^360^380^400^420, 0^40^60^80^120^160^180^200^220^240^260^280^300^320^340^360^380^420, 0^40^60^80^120^160^180^200^220^240^260^280^300^320^340^360^420, 0^40^60^80^120^160^180^200^220^240^260^280^300^320^340^420, 0^40^60^80^120^160^180^200^220^240^260^280^300^320^420, 0^40^60^80^120^160^180^200^220^240^260^280^300^420, 0^40^60^80^120^160^180^200^220^240^260^280^420, 0^40^60^80^120^160^180^200^220^240^260^420, 0^40^60^80^120^160^180^200^220^240^420, 0^40^60^80^120^160^180^200^220^420, 0^40^60^80^120^160^180^200^420, 0^40^60^80^120^160^180^420, 0^40^60^80^120^160^420, 0^40^60^80^100^120^140^160^180^200^220^240^260^280^300^320^340^360^380^400^420, 0^40^60^80^100^120^140^160^180^200^220^240^260^280^300^320^340^360^380^420, 0^40^60^80^100^120^140^160^180^200^220^240^260^280^300^320^340^360^420, 0^40^60^80^100^120^140^160^180^200^220^240^260^280^300^320^340^420, 0^40^60^80^100^120^140^160^180^200^220^240^260^280^300^320^420, 0^40^60^80^100^120^140^160^180^200^220^240^260^280^300^420, 0^40^60^80^100^120^140^160^180^200^220^240^260^280^420, 0^40^60^80^100^120^140^160^180^200^220^240^260^420, 0^40^60^80^100^120^140^160^180^200^220^240^420, 0^40^60^80^100^120^140^160^180^200^220^420, 0^40^60^80^100^120^140^160^180^200^420, 0^40^60^80^100^120^140^160^180^420, 0^40^60^80^100^120^140^160^420, 0^40^60^80^100^120^140^420, 0^40^60^80^100^120^420, 0^40^60^80^100^420, 0^40^60^80^100^120^160^180^200^220^240^260^280^300^320^340^360^380^400^420, 0^40^60^80^100^120^160^180^200^220^240^260^280^300^320^340^360^380^420, 0^40^60^80^100^120^160^180^200^220^240^260^280^300^320^340^360^420, 0^40^60^80^100^120^160^180^200^220^240^260^280^300^320^340^420, 0^40^60^80^100^120^160^180^200^220^240^260^280^300^320^420, 0^40^60^80^100^120^160^180^200^220^240^260^280^300^420, 0^40^60^80^100^120^160^180^200^220^240^260^280^420, 0^40^60^80^100^120^160^180^200^220^240^260^420, 0^40^60^80^100^120^160^180^200^220^240^420, 0^40^60^80^100^120^160^180^200^220^420, 0^40^60^80^100^120^160^180^200^420, 0^40^60^80^100^120^160^180^420, 0^40^60^80^100^120^160^420, 0^40^60^80^100^140^160^180^200^220^240^260^280^300^320^340^360^380^400^420, 0^40^60^80^100^140^160^180^200^220^240^260^280^300^320^340^360^380^420, 0^40^60^80^100^140^160^180^200^220^240^260^280^300^320^340^360^420, 0^40^60^80^100^140^160^180^200^220^240^260^280^300^320^340^420, 0^40^60^80^100^140^160^180^200^220^240^260^280^300^320^420, 0^40^60^80^100^140^160^180^200^220^240^260^280^300^420, 0^40^60^80^100^140^160^180^200^220^240^260^280^420, 0^40^60^80^100^140^160^180^200^220^240^260^420, 0^40^60^80^100^140^160^180^200^220^240^420, 0^40^60^80^100^140^160^180^200^220^420, 0^40^60^80^100^140^160^180^200^420, 0^40^60^80^100^140^160^180^420, 0^40^60^80^100^140^160^420, 0^40^60^80^100^140^420, 0^40^60^80^120^140^200^220^240^260^280^300^320^340^360^380^400^420, 0^40^60^80^120^140^200^220^240^260^280^300^320^340^360^380^420, 0^40^60^80^120^140^200^220^240^260^280^300^320^340^360^420, 0^40^60^80^120^140^200^220^240^260^280^300^320^340^420, 0^40^60^80^120^140^200^220^240^260^280^300^320^420, 0^40^60^80^120^140^200^220^240^260^280^300^420, 0^40^60^80^120^140^200^220^240^260^280^420, 0^40^60^80^120^140^200^220^240^260^420, 0^40^60^80^120^140^200^220^240^420, 0^40^60^80^120^140^200^220^420, 0^40^60^80^120^140^200^420, 0^40^60^80^100^160^180^200^220^240^260^280^300^320^340^360^380^400^420, 0^40^60^80^100^160^180^200^220^240^260^280^300^320^340^360^380^420, 0^40^60^80^100^160^180^200^220^240^260^280^300^320^340^360^420, 0^40^60^80^100^160^180^200^220^240^260^280^300^320^340^420, 0^40^60^80^100^160^180^200^220^240^260^280^300^320^420, 0^40^60^80^100^160^180^200^220^240^260^280^300^420, 0^40^60^80^100^160^180^200^220^240^260^280^420, 0^40^60^80^100^160^180^200^220^240^260^420, 0^40^60^80^100^160^180^200^220^240^420, 0^40^60^80^100^160^180^200^220^420, 0^40^60^80^100^160^180^200^420, 0^40^60^80^100^160^180^420, 0^40^60^80^100^160^420, 0^40^60^80^120^140^160^180^200^240^260^280^300^320^340^360^380^400^420, 0^40^60^80^120^140^160^180^200^240^260^280^300^320^340^360^380^420, 0^40^60^80^120^140^160^180^200^240^260^280^300^320^340^360^420, 0^40^60^80^120^140^160^180^200^240^260^280^300^320^340^420, 0^40^60^80^120^140^160^180^200^240^260^280^300^320^420, 0^40^60^80^120^140^160^180^200^240^260^280^300^420, 0^40^60^80^120^140^160^180^200^240^260^280^420, 0^40^60^80^120^140^160^180^200^240^260^420, 0^40^60^80^120^140^160^180^200^240^420, 0^40^60^80^100^200^220^240^260^280^300^320^340^360^380^400^420, 0^40^60^80^100^200^220^240^260^280^300^320^340^360^380^420, 0^40^60^80^100^200^220^240^260^280^300^320^340^360^420, 0^40^60^80^100^200^220^240^260^280^300^320^340^420, 0^40^60^80^100^200^220^240^260^280^300^320^420, 0^40^60^80^100^200^220^240^260^280^300^420, 0^40^60^80^100^200^220^240^260^280^420, 0^40^60^80^100^200^220^240^260^420, 0^40^60^80^100^200^220^240^420, 0^40^60^80^100^200^220^420, 0^40^60^80^100^200^420, 0^40^60^80^100^120^140^200^220^240^260^280^300^320^340^360^380^400^420, 0^40^60^80^100^120^140^200^220^240^260^280^300^320^340^360^380^420, 0^40^60^80^100^120^140^200^220^240^260^280^300^320^340^360^420, 0^40^60^80^100^120^140^200^220^240^260^280^300^320^340^420, 0^40^60^80^100^120^140^200^220^240^260^280^300^320^420, 0^40^60^80^100^120^140^200^220^240^260^280^300^420, 0^40^60^80^100^120^140^200^220^240^260^280^420, 0^40^60^80^100^120^140^200^220^240^260^420, 0^40^60^80^100^120^140^200^220^240^420, 0^40^60^80^100^120^140^200^220^420, 0^40^60^80^100^120^140^200^420]
Population evolution... 
Population size before selection: 130
Time: 1900 
Population size after selection: 10
Selection finished 
Step:  20 
Current length: 420 
Calculate new foldons... finished
Generating new secondary structures... finished
active space: [0^40^60^80^120^140^160^180^200^220^240^260^280^300^320^340^360^380^400^420^440, 0^40^60^80^120^140^160^180^200^220^240^260^280^300^320^340^360^380^400^440, 0^40^60^80^120^140^160^180^200^220^240^260^280^300^320^340^360^440, 0^40^60^80^120^140^160^180^200^220^240^260^280^300^320^340^440, 0^40^60^80^120^140^160^180^200^220^240^260^280^300^320^440, 0^40^60^80^120^140^160^180^200^220^240^260^280^300^440, 0^40^60^80^120^140^160^180^200^220^240^260^280^440, 0^40^60^80^120^140^160^180^200^220^240^260^440, 0^40^60^80^120^140^160^180^200^220^240^440, 0^40^60^80^120^140^160^180^200^220^440, 0^40^60^80^120^140^160^180^440, 0^40^60^80^120^140^160^440, 0^40^60^80^120^140^440, 0^40^60^80^120^440, 0^40^60^80^440, 0^40^60^440, 0^40^440, 0^440, 0^40^60^80^120^160^180^200^220^240^260^280^300^320^340^360^380^400^420^440, 0^40^60^80^120^160^180^200^220^240^260^280^300^320^340^360^380^400^440, 0^40^60^80^120^160^180^200^220^240^260^280^300^320^340^360^440, 0^40^60^80^120^160^180^200^220^240^260^280^300^320^340^440, 0^40^60^80^120^160^180^200^220^240^260^280^300^320^440, 0^40^60^80^120^160^180^200^220^240^260^280^300^440, 0^40^60^80^120^160^180^200^220^240^260^280^440, 0^40^60^80^120^160^180^200^220^240^260^440, 0^40^60^80^120^160^180^200^220^240^440, 0^40^60^80^120^160^180^200^220^440, 0^40^60^80^120^160^180^440, 0^40^60^80^120^160^440, 0^40^60^80^100^120^140^160^180^200^220^240^260^280^300^320^340^360^380^400^420^440, 0^40^60^80^100^120^140^160^180^200^220^240^260^280^300^320^340^360^380^400^440, 0^40^60^80^100^120^140^160^180^200^220^240^260^280^300^320^340^360^440, 0^40^60^80^100^120^140^160^180^200^220^240^260^280^300^320^340^440, 0^40^60^80^100^120^140^160^180^200^220^240^260^280^300^320^440, 0^40^60^80^100^120^140^160^180^200^220^240^260^280^300^440, 0^40^60^80^100^120^140^160^180^200^220^240^260^280^440, 0^40^60^80^100^120^140^160^180^200^220^240^260^440, 0^40^60^80^100^120^140^160^180^200^220^240^440, 0^40^60^80^100^120^140^160^180^200^220^440, 0^40^60^80^100^120^140^160^180^440, 0^40^60^80^100^120^140^160^440, 0^40^60^80^100^120^140^440, 0^40^60^80^100^120^440, 0^40^60^80^100^440, 0^40^60^80^100^120^160^180^200^220^240^260^280^300^320^340^360^380^400^420^440, 0^40^60^80^100^120^160^180^200^220^240^260^280^300^320^340^360^380^400^440, 0^40^60^80^100^120^160^180^200^220^240^260^280^300^320^340^360^440, 0^40^60^80^100^120^160^180^200^220^240^260^280^300^320^340^440, 0^40^60^80^100^120^160^180^200^220^240^260^280^300^320^440, 0^40^60^80^100^120^160^180^200^220^240^260^280^300^440, 0^40^60^80^100^120^160^180^200^220^240^260^280^440, 0^40^60^80^100^120^160^180^200^220^240^260^440, 0^40^60^80^100^120^160^180^200^220^240^440, 0^40^60^80^100^120^160^180^200^220^440, 0^40^60^80^100^120^160^180^440, 0^40^60^80^100^120^160^440, 0^40^60^80^100^140^160^180^200^220^240^260^280^300^320^340^360^380^400^420^440, 0^40^60^80^100^140^160^180^200^220^240^260^280^300^320^340^360^380^400^440, 0^40^60^80^100^140^160^180^200^220^240^260^280^300^320^340^360^440, 0^40^60^80^100^140^160^180^200^220^240^260^280^300^320^340^440, 0^40^60^80^100^140^160^180^200^220^240^260^280^300^320^440, 0^40^60^80^100^140^160^180^200^220^240^260^280^300^440, 0^40^60^80^100^140^160^180^200^220^240^260^280^440, 0^40^60^80^100^140^160^180^200^220^240^260^440, 0^40^60^80^100^140^160^180^200^220^240^440, 0^40^60^80^100^140^160^180^200^220^440, 0^40^60^80^100^140^160^180^440, 0^40^60^80^100^140^160^440, 0^40^60^80^100^140^440, 0^40^60^80^120^140^200^220^240^260^280^300^320^340^360^380^400^420^440, 0^40^60^80^120^140^200^220^240^260^280^300^320^340^360^380^400^440, 0^40^60^80^120^140^200^220^240^260^280^300^320^340^360^440, 0^40^60^80^120^140^200^220^240^260^280^300^320^340^440, 0^40^60^80^120^140^200^220^240^260^280^300^320^440, 0^40^60^80^120^140^200^220^240^260^280^300^440, 0^40^60^80^120^140^200^220^240^260^280^440, 0^40^60^80^120^140^200^220^240^260^440, 0^40^60^80^120^140^200^220^240^440, 0^40^60^80^120^140^200^220^440, 0^40^60^80^100^160^180^200^220^240^260^280^300^320^340^360^380^400^420^440, 0^40^60^80^100^160^180^200^220^240^260^280^300^320^340^360^380^400^440, 0^40^60^80^100^160^180^200^220^240^260^280^300^320^340^360^440, 0^40^60^80^100^160^180^200^220^240^260^280^300^320^340^440, 0^40^60^80^100^160^180^200^220^240^260^280^300^320^440, 0^40^60^80^100^160^180^200^220^240^260^280^300^440, 0^40^60^80^100^160^180^200^220^240^260^280^440, 0^40^60^80^100^160^180^200^220^240^260^440, 0^40^60^80^100^160^180^200^220^240^440, 0^40^60^80^100^160^180^200^220^440, 0^40^60^80^100^160^180^440, 0^40^60^80^100^160^440, 0^40^60^80^120^140^160^180^200^240^260^280^300^320^340^360^380^400^420^440, 0^40^60^80^120^140^160^180^200^240^260^280^300^320^340^360^380^400^440, 0^40^60^80^120^140^160^180^200^240^260^280^300^320^340^360^440, 0^40^60^80^120^140^160^180^200^240^260^280^300^320^340^440, 0^40^60^80^120^140^160^180^200^240^260^280^300^320^440, 0^40^60^80^120^140^160^180^200^240^260^280^300^440, 0^40^60^80^120^140^160^180^200^240^260^280^440, 0^40^60^80^120^140^160^180^200^240^260^440, 0^40^60^80^120^140^160^180^200^240^440, 0^40^60^80^100^200^220^240^260^280^300^320^340^360^380^400^420^440, 0^40^60^80^100^200^220^240^260^280^300^320^340^360^380^400^440, 0^40^60^80^100^200^220^240^260^280^300^320^340^360^440, 0^40^60^80^100^200^220^240^260^280^300^320^340^440, 0^40^60^80^100^200^220^240^260^280^300^320^440, 0^40^60^80^100^200^220^240^260^280^300^440, 0^40^60^80^100^200^220^240^260^280^440, 0^40^60^80^100^200^220^240^260^440, 0^40^60^80^100^200^220^240^440, 0^40^60^80^100^200^220^440, 0^40^60^80^100^120^140^200^220^240^260^280^300^320^340^360^380^400^420^440, 0^40^60^80^100^120^140^200^220^240^260^280^300^320^340^360^380^400^440, 0^40^60^80^100^120^140^200^220^240^260^280^300^320^340^360^440, 0^40^60^80^100^120^140^200^220^240^260^280^300^320^340^440, 0^40^60^80^100^120^140^200^220^240^260^280^300^320^440, 0^40^60^80^100^120^140^200^220^240^260^280^300^440, 0^40^60^80^100^120^140^200^220^240^260^280^440, 0^40^60^80^100^120^140^200^220^240^260^440, 0^40^60^80^100^120^140^200^220^240^440, 0^40^60^80^100^120^140^200^220^440]
Population evolution... 
Population size before selection: 121
Time: 2000 
Population size after selection: 10
Selection finished 
Step:  21 
Current length: 440 
Calculate new foldons... finished
Generating new secondary structures...160^170^180^230, 0^40^60^90^100^110^120^130^140^150^160^170^230, 0^40^60^90^100^110^120^130^140^150^160^230, 0^40^60^90^100^110^120^130^140^150^230, 0^40^60^90^100^110^120^130^140^230, 0^40^60^90^100^110^120^230, 0^40^60^90^100^110^230, 0^40^60^90^100^230, 0^40^60^90^230, 0^40^60^230, 0^50^60^90^120^130^140^150^160^170^180^200^210^220^230, 0^50^60^90^120^130^140^150^160^170^180^200^230, 0^50^60^90^100^110^120^130^140^150^160^170^180^190^200^210^220^230, 0^50^60^90^100^110^120^130^140^150^160^170^180^190^200^230, 0^50^60^90^100^110^120^130^140^150^160^170^180^190^230, 0^50^60^90^100^110^120^130^140^150^160^170^180^230, 0^50^60^90^100^110^120^130^140^150^160^170^230, 0^50^60^90^100^110^120^130^140^150^160^230, 0^50^60^90^100^110^120^130^140^150^230, 0^50^60^90^100^110^120^130^140^230, 0^50^60^90^100^110^120^230, 0^50^60^90^100^110^230, 0^50^60^90^100^230, 0^50^60^90^100^110^130^140^150^160^170^180^190^200^210^220^230, 0^50^60^90^100^110^130^140^150^160^170^180^190^200^230, 0^50^60^90^100^110^130^140^150^160^170^180^190^230, 0^50^60^90^100^110^130^140^150^160^170^180^230, 0^50^60^90^100^110^130^140^150^160^170^230, 0^50^60^90^100^110^130^140^150^160^230, 0^50^60^90^100^110^130^140^150^230, 0^50^60^90^100^110^130^140^230, 0^80^90^100^110^120^130^140^150^160^170^180^190^200^210^220^230, 0^80^90^100^110^120^130^140^150^160^170^180^190^200^230, 0^80^90^100^110^120^130^140^150^160^170^180^190^230, 0^80^90^100^110^120^130^140^150^160^170^180^230, 0^80^90^100^110^120^130^140^150^160^170^230, 0^80^90^100^110^120^130^140^150^160^230, 0^80^90^100^110^120^130^140^150^230, 0^80^90^100^110^120^130^140^230, 0^80^90^100^110^120^230, 0^80^90^100^110^230, 0^80^90^100^230, 0^80^90^230, 0^80^230, 0^50^60^90^120^130^140^150^160^170^190^200^210^220^230, 0^50^60^90^120^130^140^150^160^170^190^200^230, 0^50^60^90^120^130^140^150^160^170^190^230, 0^50^70^80^90^100^110^120^130^140^150^160^170^190^200^210^220^230, 0^50^70^80^90^100^110^120^130^140^150^160^170^190^200^230, 0^50^70^80^90^100^110^120^130^140^150^160^170^190^230, 0^40^50^60^90^100^110^120^130^140^150^160^170^180^190^200^210^220^230, 0^40^50^60^90^100^110^120^130^140^150^160^170^180^190^200^230, 0^40^50^60^90^100^110^120^130^140^150^160^170^180^190^230, 0^40^50^60^90^100^110^120^130^140^150^160^170^180^230, 0^40^50^60^90^100^110^120^130^140^150^160^170^230, 0^40^50^60^90^100^110^120^130^140^150^160^230, 0^40^50^60^90^100^110^120^130^140^150^230, 0^40^50^60^90^100^110^120^130^140^230, 0^40^50^60^90^100^110^120^230, 0^40^50^60^90^100^110^230, 0^40^50^60^90^100^230, 0^40^50^60^90^230, 0^40^50^60^230, 0^70^80^90^100^110^120^130^140^150^160^170^180^190^200^210^220^230, 0^70^80^90^100^110^120^130^140^150^160^170^180^190^200^230, 0^70^80^90^100^110^120^130^140^150^160^170^180^190^230, 0^70^80^90^100^110^120^130^140^150^160^170^180^230, 0^70^80^90^100^110^120^130^140^150^160^170^230, 0^70^80^90^100^110^120^130^140^150^160^230, 0^70^80^90^100^110^120^130^140^150^230, 0^70^80^90^100^110^120^130^140^230, 0^70^80^90^100^110^120^230, 0^70^80^90^100^110^230, 0^70^80^90^100^230, 0^70^80^90^230, 0^70^80^230, 0^70^230, 0^40^80^90^100^110^120^130^140^150^160^170^180^190^200^210^220^230, 0^40^80^90^100^110^120^130^140^150^160^170^180^190^200^230, 0^40^80^90^100^110^120^130^140^150^160^170^180^190^230, 0^40^80^90^100^110^120^130^140^150^160^170^180^230, 0^40^80^90^100^110^120^130^140^150^160^170^230, 0^40^80^90^100^110^120^130^140^150^160^230, 0^40^80^90^100^110^120^130^140^150^230, 0^40^80^90^100^110^120^130^140^230, 0^40^80^90^100^110^120^230, 0^40^80^90^100^110^230, 0^40^80^90^100^230, 0^40^80^90^230, 0^40^80^230, 0^40^50^70^80^90^100^110^120^130^140^150^160^170^180^190^200^210^220^230, 0^40^50^70^80^90^100^110^120^130^140^150^160^170^180^190^200^230, 0^40^50^70^80^90^100^110^120^130^140^150^160^170^180^190^230, 0^40^50^70^80^90^100^110^120^130^140^150^160^170^180^230, 0^40^50^70^80^90^100^110^120^130^140^150^160^170^230, 0^40^50^70^80^90^100^110^120^130^140^150^160^230, 0^40^50^70^80^90^100^110^120^130^140^150^230, 0^40^50^70^80^90^100^110^120^130^140^230, 0^40^50^70^80^90^100^110^120^230, 0^40^50^70^80^90^100^110^230, 0^40^50^70^80^90^100^230, 0^40^50^70^80^90^230, 0^40^50^70^80^230, 0^40^50^70^230]
Population evolution... 
Population size before selection: 160
Time: 2000 
Population size after selection: 15
Selection finished 
Step:  21 
Current length: 230 
Calculate new foldons... finished
Generating new secondary structures... finished
active space: [0^50^60^90^120^130^140^150^160^170^180^200^210^220^230^240, 0^50^60^90^120^130^140^150^160^170^180^200^210^240, 0^50^60^90^120^130^140^150^160^170^180^200^240, 0^50^60^90^120^130^140^150^160^170^180^240, 0^50^60^90^120^130^140^150^160^170^240, 0^50^60^90^120^130^140^150^160^240, 0^50^60^90^120^130^140^150^240, 0^50^60^90^120^130^140^240, 0^50^60^90^120^240, 0^50^60^90^240, 0^50^60^240, 0^240, 0^50^60^70^90^100^110^120^130^140^150^160^170^180^190^200^210^220^230^240, 0^50^60^70^90^100^110^120^130^140^150^160^170^180^190^200^210^240, 0^50^60^70^90^100^110^120^130^140^150^160^170^180^190^200^240, 0^50^60^70^90^100^110^120^130^140^150^160^170^180^190^240, 0^50^60^70^90^100^110^120^130^140^150^160^170^180^240, 0^50^60^70^90^100^110^120^130^140^150^160^170^240, 0^50^60^70^90^100^110^120^130^140^150^160^240, 0^50^60^70^90^100^110^120^130^140^150^240, 0^50^60^70^90^100^110^120^130^140^240, 0^50^60^70^90^100^110^120^240, 0^50^60^70^90^100^110^240, 0^50^60^70^90^100^240, 0^50^60^70^90^240, 0^50^60^70^240, 0^40^50^90^100^110^120^130^140^150^160^170^180^190^200^210^220^230^240, 0^40^50^90^100^110^120^130^140^150^160^170^180^190^200^210^240, 0^40^50^90^100^110^120^130^140^150^160^170^180^190^200^240, 0^40^50^90^100^110^120^130^140^150^160^170^180^190^240, 0^40^50^90^100^110^120^130^140^150^160^170^180^240, 0^40^50^90^100^110^120^130^140^150^160^170^240, 0^40^50^90^100^110^120^130^140^150^160^240, 0^40^50^90^100^110^120^130^140^150^240, 0^40^50^90^100^110^120^130^140^240, 0^40^50^90^100^110^120^240, 0^40^50^90^100^110^240, 0^40^50^90^100^240, 0^40^50^90^240, 0^40^50^240, 0^50^70^80^90^100^110^120^130^140^150^160^170^180^190^200^210^220^230^240, 0^50^70^80^90^100^110^120^130^140^150^160^170^180^190^200^210^240, 0^50^70^80^90^100^110^120^130^140^150^160^170^180^190^200^240, 0^50^70^80^90^100^110^120^130^140^150^160^170^180^190^240, 0^50^70^80^90^100^110^120^130^140^150^160^170^180^240, 0^50^70^80^90^100^110^120^130^140^150^160^170^240, 0^50^70^80^90^100^110^120^130^140^150^160^240, 0^50^70^80^90^100^110^120^130^140^150^240, 0^50^70^80^90^100^110^120^130^140^240, 0^50^70^80^90^100^110^120^240, 0^50^70^80^90^100^110^240, 0^50^70^80^90^100^240, 0^50^70^80^90^240, 0^50^70^80^240, 0^50^70^240, 0^40^60^90^100^110^120^130^140^150^160^170^180^190^200^210^220^230^240, 0^40^60^90^100^110^120^130^140^150^160^170^180^190^200^210^240, 0^40^60^90^100^110^120^130^140^150^160^170^180^190^200^240, 0^40^60^90^100^110^120^130^140^150^160^170^180^190^240, 0^40^60^90^100^110^120^130^140^150^160^170^180^240, 0^40^60^90^100^110^120^130^140^150^160^170^240, 0^40^60^90^100^110^120^130^140^150^160^240, 0^40^60^90^100^110^120^130^140^150^240, 0^40^60^90^100^110^120^130^140^240, 0^40^60^90^100^110^120^240, 0^40^60^90^100^110^240, 0^40^60^90^100^240, 0^40^60^90^240, 0^40^60^240, 0^50^60^90^120^130^140^150^160^170^180^190^200^210^220^230^240, 0^50^60^90^120^130^140^150^160^170^180^190^200^210^240, 0^50^60^90^120^130^140^150^160^170^180^190^200^240, 0^50^60^90^120^130^140^150^160^170^180^190^240, 0^50^60^90^120^130^140^150^160^170^190^200^210^220^230^240, 0^50^60^90^120^130^140^150^160^170^190^200^210^240, 0^50^60^90^120^130^140^150^160^170^190^200^240, 0^50^60^90^120^130^140^150^160^170^190^240, 0^50^60^90^100^110^130^140^150^160^170^180^190^200^210^220^230^240, 0^50^60^90^100^110^130^140^150^160^170^180^190^200^210^240, 0^50^60^90^100^110^130^140^150^160^170^180^190^200^240, 0^50^60^90^100^110^130^140^150^160^170^180^190^240, 0^50^60^90^100^110^130^140^150^160^170^180^240, 0^50^60^90^100^110^130^140^150^160^170^240, 0^50^60^90^100^110^130^140^150^160^240, 0^50^60^90^100^110^130^140^150^240, 0^50^60^90^100^110^130^140^240, 0^50^60^90^100^110^240, 0^50^60^90^100^240, 0^50^60^90^100^110^120^130^140^150^160^170^180^190^200^210^220^230^240, 0^50^60^90^100^110^120^130^140^150^160^170^180^190^200^210^240, 0^50^60^90^100^110^120^130^140^150^160^170^180^190^200^240, 0^50^60^90^100^110^120^130^140^150^160^170^180^190^240, 0^50^60^90^100^110^120^130^140^150^160^170^180^240, 0^50^60^90^100^110^120^130^140^150^160^170^240, 0^50^60^90^100^110^120^130^140^150^160^240, 0^50^60^90^100^110^120^130^140^150^240, 0^50^60^90^100^110^120^130^140^240, 0^50^60^90^100^110^120^240, 0^50^70^80^90^100^110^120^130^140^150^160^170^190^200^210^220^230^240, 0^50^70^80^90^100^110^120^130^140^150^160^170^190^200^210^240, 0^50^70^80^90^100^110^120^130^140^150^160^170^190^200^240, 0^50^70^80^90^100^110^120^130^140^150^160^170^190^240, 0^80^90^100^110^120^130^140^150^160^170^180^190^200^210^220^230^240, 0^80^90^100^110^120^130^140^150^160^170^180^190^200^210^240, 0^80^90^100^110^120^130^140^150^160^170^180^190^200^240, 0^80^90^100^110^120^130^140^150^160^170^180^190^240, 0^80^90^100^110^120^130^140^150^160^170^180^240, 0^80^90^100^110^120^130^140^150^160^170^240, 0^80^90^100^110^120^130^140^150^160^240, 0^80^90^100^110^120^130^140^150^240, 0^80^90^100^110^120^130^140^240, 0^80^90^100^110^120^240, 0^80^90^100^110^240, 0^80^90^100^240, 0^80^90^240, 0^80^240, 0^40^50^60^90^100^110^120^130^140^150^160^170^180^190^200^210^220^230^240, 0^40^50^60^90^100^110^120^130^140^150^160^170^180^190^200^210^240, 0^40^50^60^90^100^110^120^130^140^150^160^170^180^190^200^240, 0^40^50^60^90^100^110^120^130^140^150^160^170^180^190^240, 0^40^50^60^90^100^110^120^130^140^150^160^170^180^240, 0^40^50^60^90^100^110^120^130^140^150^160^170^240, 0^40^50^60^90^100^110^120^130^140^150^160^240, 0^40^50^60^90^100^110^120^130^140^150^240, 0^40^50^60^90^100^110^120^130^140^240, 0^40^50^60^90^100^110^120^240, 0^40^50^60^90^100^110^240, 0^40^50^60^90^100^240, 0^40^50^60^90^240, 0^40^50^60^240, 0^70^80^90^100^110^120^130^140^150^160^170^180^190^200^210^220^230^240, 0^70^80^90^100^110^120^130^140^150^160^170^180^190^200^210^240, 0^70^80^90^100^110^120^130^140^150^160^170^180^190^200^240, 0^70^80^90^100^110^120^130^140^150^160^170^180^190^240, 0^70^80^90^100^110^120^130^140^150^160^170^180^240, 0^70^80^90^100^110^120^130^140^150^160^170^240, 0^70^80^90^100^110^120^130^140^150^160^240, 0^70^80^90^100^110^120^130^140^150^240, 0^70^80^90^100^110^120^130^140^240, 0^70^80^90^100^110^120^240, 0^70^80^90^100^110^240, 0^70^80^90^100^240, 0^70^80^90^240, 0^70^80^240, 0^70^240, 0^40^80^90^100^110^120^130^140^150^160^170^180^190^200^210^220^230^240, 0^40^80^90^100^110^120^130^140^150^160^170^180^190^200^210^240, 0^40^80^90^100^110^120^130^140^150^160^170^180^190^200^240, 0^40^80^90^100^110^120^130^140^150^160^170^180^190^240, 0^40^80^90^100^110^120^130^140^150^160^170^180^240, 0^40^80^90^100^110^120^130^140^150^160^170^240, 0^40^80^90^100^110^120^130^140^150^160^240, 0^40^80^90^100^110^120^130^140^150^240, 0^40^80^90^100^110^120^130^140^240, 0^40^80^90^100^110^120^240, 0^40^80^90^100^110^240, 0^40^80^90^100^240, 0^40^80^90^240, 0^40^80^240, 0^40^50^70^80^90^100^110^120^130^140^150^160^170^180^190^200^210^220^230^240, 0^40^50^70^80^90^100^110^120^130^140^150^160^170^180^190^200^210^240, 0^40^50^70^80^90^100^110^120^130^140^150^160^170^180^190^200^240, 0^40^50^70^80^90^100^110^120^130^140^150^160^170^180^190^240, 0^40^50^70^80^90^100^110^120^130^140^150^160^170^180^240, 0^40^50^70^80^90^100^110^120^130^140^150^160^170^240, 0^40^50^70^80^90^100^110^120^130^140^150^160^240, 0^40^50^70^80^90^100^110^120^130^140^150^240, 0^40^50^70^80^90^100^110^120^130^140^240, 0^40^50^70^80^90^100^110^120^240, 0^40^50^70^80^90^100^110^240, 0^40^50^70^80^90^100^240, 0^40^50^70^80^90^240, 0^40^50^70^80^240, 0^40^50^70^240]
Population evolution... 
Population size before selection: 174
Time: 2100 
Population size after selection: 15
Selection finished 
Step:  22 
Current length: 240 
Calculate new foldons... finished
Generating new secondary structures... finished
active space: [0^50^60^90^120^130^140^150^160^170^180^200^210^220^230^240^250, 0^50^60^90^120^130^140^150^160^170^180^200^210^220^250, 0^50^60^90^120^130^140^150^160^170^180^200^250, 0^50^60^90^120^130^140^150^160^170^180^250, 0^50^60^90^120^130^140^150^160^170^250, 0^50^60^90^120^130^140^150^160^250, 0^50^60^90^120^130^140^150^250, 0^50^60^90^120^130^140^250, 0^50^60^90^120^250, 0^50^60^90^250, 0^50^60^250, 0^250, 0^50^60^70^90^100^110^120^130^140^150^160^170^180^190^200^210^220^230^240^250, 0^50^60^70^90^100^110^120^130^140^150^160^170^180^190^200^210^220^250, 0^50^60^70^90^100^110^120^130^140^150^160^170^180^190^200^250, 0^50^60^70^90^100^110^120^130^140^150^160^170^180^190^250, 0^50^60^70^90^100^110^120^130^140^150^160^170^180^250, 0^50^60^70^90^100^110^120^130^140^150^160^170^250, 0^50^60^70^90^100^110^120^130^140^150^160^250, 0^50^60^70^90^100^110^120^130^140^150^250, 0^50^60^70^90^100^110^120^130^140^250, 0^50^60^70^90^100^110^120^250, 0^50^60^70^90^100^110^250, 0^50^60^70^90^100^250, 0^50^60^70^90^250, 0^50^60^70^250, 0^40^50^90^100^110^120^130^140^150^160^170^180^190^200^210^220^230^240^250, 0^40^50^90^100^110^120^130^140^150^160^170^180^190^200^210^220^250, 0^40^50^90^100^110^120^130^140^150^160^170^180^190^200^250, 0^40^50^90^100^110^120^130^140^150^160^170^180^190^250, 0^40^50^90^100^110^120^130^140^150^160^170^180^250, 0^40^50^90^100^110^120^130^140^150^160^170^250, 0^40^50^90^100^110^120^130^140^150^160^250, 0^40^50^90^100^110^120^130^140^150^250, 0^40^50^90^100^110^120^130^140^250, 0^40^50^90^100^110^120^250, 0^40^50^90^100^110^250, 0^40^50^90^100^250, 0^40^50^90^250, 0^40^50^250, 0^50^60^90^120^130^140^150^160^170^190^200^210^220^230^240^250, 0^50^60^90^120^130^140^150^160^170^190^200^210^220^250, 0^50^60^90^120^130^140^150^160^170^190^200^250, 0^50^60^90^120^130^140^150^160^170^190^250, 0^50^70^80^90^100^110^120^130^140^150^160^170^190^200^210^220^230^240^250, 0^50^70^80^90^100^110^120^130^140^150^160^170^190^200^210^220^250, 0^50^70^80^90^100^110^120^130^140^150^160^170^190^200^250, 0^50^70^80^90^100^110^120^130^140^150^160^170^190^250, 0^50^70^80^90^100^110^120^130^140^150^160^170^250, 0^50^70^80^90^100^110^120^130^140^150^160^250, 0^50^70^80^90^100^110^120^130^140^150^250, 0^50^70^80^90^100^110^120^130^140^250, 0^50^70^80^90^100^110^120^250, 0^50^70^80^90^100^110^250, 0^50^70^80^90^100^250, 0^50^70^80^90^250, 0^50^70^80^250, 0^50^70^250, 0^40^60^90^100^110^120^130^140^150^160^170^180^190^200^210^220^230^240^250, 0^40^60^90^100^110^120^130^140^150^160^170^180^190^200^210^220^250, 0^40^60^90^100^110^120^130^140^150^160^170^180^190^200^250, 0^40^60^90^100^110^120^130^140^150^160^170^180^190^250, 0^40^60^90^100^110^120^130^140^150^160^170^180^250, 0^40^60^90^100^110^120^130^140^150^160^170^250, 0^40^60^90^100^110^120^130^140^150^160^250, 0^40^60^90^100^110^120^130^140^150^250, 0^40^60^90^100^110^120^130^140^250, 0^40^60^90^100^110^120^250, 0^40^60^90^100^110^250, 0^40^60^90^100^250, 0^40^60^90^250, 0^40^60^250, 0^50^70^80^90^100^110^120^130^140^150^160^170^180^190^200^210^220^230^240^250, 0^50^70^80^90^100^110^120^130^140^150^160^170^180^190^200^210^220^250, 0^50^70^80^90^100^110^120^130^140^150^160^170^180^190^200^250, 0^50^70^80^90^100^110^120^130^140^150^160^170^180^190^250, 0^50^70^80^90^100^110^120^130^140^150^160^170^180^250, 0^50^60^90^100^110^130^140^150^160^170^180^190^200^210^220^230^240^250, 0^50^60^90^100^110^130^140^150^160^170^180^190^200^210^220^250, 0^50^60^90^100^110^130^140^150^160^170^180^190^200^250, 0^50^60^90^100^110^130^140^150^160^170^180^190^250, 0^50^60^90^100^110^130^140^150^160^170^180^250, 0^50^60^90^100^110^130^140^150^160^170^250, 0^50^60^90^100^110^130^140^150^160^250, 0^50^60^90^100^110^130^140^150^250, 0^50^60^90^100^110^130^140^250, 0^50^60^90^100^110^250, 0^50^60^90^100^250, 0^80^90^100^110^120^130^140^150^160^170^180^190^200^210^220^230^240^250, 0^80^90^100^110^120^130^140^150^160^170^180^190^200^210^220^250, 0^80^90^100^110^120^130^140^150^160^170^180^190^200^250, 0^80^90^100^110^120^130^140^150^160^170^180^190^250, 0^80^90^100^110^120^130^140^150^160^170^180^250, 0^80^90^100^110^120^130^140^150^160^170^250, 0^80^90^100^110^120^130^140^150^160^250, 0^80^90^100^110^120^130^140^150^250, 0^80^90^100^110^120^130^140^250, 0^80^90^100^110^120^250, 0^80^90^100^110^250, 0^80^90^100^250, 0^80^90^250, 0^80^250, 0^50^60^90^100^110^120^130^140^150^160^170^180^190^200^210^220^230^240^250, 0^50^60^90^100^110^120^130^140^150^160^170^180^190^200^210^220^250, 0^50^60^90^100^110^120^130^140^150^160^170^180^190^200^250, 0^50^60^90^100^110^120^130^140^150^160^170^180^190^250, 0^50^60^90^100^110^120^130^140^150^160^170^180^250, 0^50^60^90^100^110^120^130^140^150^160^170^250, 0^50^60^90^100^110^120^130^140^150^160^250, 0^50^60^90^100^110^120^130^140^150^250, 0^50^60^90^100^110^120^130^140^250, 0^50^60^90^100^110^120^250, 0^50^60^90^120^130^140^150^160^170^180^190^200^210^220^230^240^250, 0^50^60^90^120^130^140^150^160^170^180^190^200^210^220^250, 0^50^60^90^120^130^140^150^160^170^180^190^200^250, 0^50^60^90^120^130^140^150^160^170^180^190^250, 0^70^80^90^100^110^120^130^140^150^160^170^180^190^200^210^220^230^240^250, 0^70^80^90^100^110^120^130^140^150^160^170^180^190^200^210^220^250, 0^70^80^90^100^110^120^130^140^150^160^170^180^190^200^250, 0^70^80^90^100^110^120^130^140^150^160^170^180^190^250, 0^70^80^90^100^110^120^130^140^150^160^170^180^250, 0^70^80^90^100^110^120^130^140^150^160^170^250, 0^70^80^90^100^110^120^130^140^150^160^250, 0^70^80^90^100^110^120^130^140^150^250, 0^70^80^90^100^110^120^130^140^250, 0^70^80^90^100^110^120^250, 0^70^80^90^100^110^250, 0^70^80^90^100^250, 0^70^80^90^250, 0^70^80^250, 0^70^250, 0^40^50^60^90^100^110^120^130^140^150^160^170^180^190^200^210^220^230^240^250, 0^40^50^60^90^100^110^120^130^140^150^160^170^180^190^200^210^220^250, 0^40^50^60^90^100^110^120^130^140^150^160^170^180^190^200^250, 0^40^50^60^90^100^110^120^130^140^150^160^170^180^190^250, 0^40^50^60^90^100^110^120^130^140^150^160^170^180^250, 0^40^50^60^90^100^110^120^130^140^150^160^170^250, 0^40^50^60^90^100^110^120^130^140^150^160^250, 0^40^50^60^90^100^110^120^130^140^150^250, 0^40^50^60^90^100^110^120^130^140^250, 0^40^50^60^90^100^110^120^250, 0^40^50^60^90^100^110^250, 0^40^50^60^90^100^250, 0^40^50^60^90^250, 0^40^50^60^250, 0^40^80^90^100^110^120^130^140^150^160^170^180^190^200^210^220^230^240^250, 0^40^80^90^100^110^120^130^140^150^160^170^180^190^200^210^220^250, 0^40^80^90^100^110^120^130^140^150^160^170^180^190^200^250, 0^40^80^90^100^110^120^130^140^150^160^170^180^190^250, 0^40^80^90^100^110^120^130^140^150^160^170^180^250, 0^40^80^90^100^110^120^130^140^150^160^170^250, 0^40^80^90^100^110^120^130^140^150^160^250, 0^40^80^90^100^110^120^130^140^150^250, 0^40^80^90^100^110^120^130^140^250, 0^40^80^90^100^110^120^250, 0^40^80^90^100^110^250, 0^40^80^90^100^250, 0^40^80^90^250, 0^40^80^250, 0^40^50^70^80^90^100^110^120^130^140^150^160^170^180^190^200^210^220^230^240^250, 0^40^50^70^80^90^100^110^120^130^140^150^160^170^180^190^200^210^220^250, 0^40^50^70^80^90^100^110^120^130^140^150^160^170^180^190^200^250, 0^40^50^70^80^90^100^110^120^130^140^150^160^170^180^190^250, 0^40^50^70^80^90^100^110^120^130^140^150^160^170^180^250, 0^40^50^70^80^90^100^110^120^130^140^150^160^170^250, 0^40^50^70^80^90^100^110^120^130^140^150^160^250, 0^40^50^70^80^90^100^110^120^130^140^150^250, 0^40^50^70^80^90^100^110^120^130^140^250, 0^40^50^70^80^90^100^110^120^250, 0^40^50^70^80^90^100^110^250, 0^40^50^70^80^90^100^250, 0^40^50^70^80^90^250, 0^40^50^70^80^250, 0^40^50^70^250]
Population evolution... 
Population size before selection: 174
Time: 2200 
Population size after selection: 15
Selection finished 
Step:  23 
Current length: 250 
Calculate new foldons... finished
Generating new secondary structures... finished
active space: [0^50^60^90^120^130^140^150^160^170^180^200^210^220^230^240^250^260, 0^50^60^90^120^130^140^150^160^170^180^200^210^220^230^240^260, 0^50^60^90^120^130^140^150^160^170^180^200^210^220^260, 0^50^60^90^120^130^140^150^160^170^180^200^210^260, 0^50^60^90^120^130^140^150^160^170^180^200^260, 0^50^60^90^120^130^140^150^160^170^180^260, 0^50^60^90^120^130^140^150^160^170^260, 0^50^60^90^120^130^140^150^260, 0^50^60^90^120^130^140^260, 0^50^60^90^120^260, 0^50^60^90^260, 0^50^60^260, 0^260, 0^50^60^70^90^100^110^120^130^140^150^160^170^180^190^200^210^220^230^240^250^260, 0^50^60^70^90^100^110^120^130^140^150^160^170^180^190^200^210^220^230^240^260, 0^50^60^70^90^100^110^120^130^140^150^160^170^180^190^200^210^220^260, 0^50^60^70^90^100^110^120^130^140^150^160^170^180^190^200^210^260, 0^50^60^70^90^100^110^120^130^140^150^160^170^180^190^200^260, 0^50^60^70^90^100^110^120^130^140^150^160^170^180^190^260, 0^50^60^70^90^100^110^120^130^140^150^160^170^180^260, 0^50^60^70^90^100^110^120^130^140^150^160^170^260, 0^50^60^70^90^100^110^120^130^140^150^260, 0^50^60^70^90^100^110^120^130^140^260, 0^50^60^70^90^100^110^120^260, 0^50^60^70^90^100^110^260, 0^50^60^70^90^100^260, 0^50^60^70^90^260, 0^50^60^70^260, 0^50^60^90^120^130^140^150^160^170^190^200^210^220^230^240^250^260, 0^50^60^90^120^130^140^150^160^170^190^200^210^220^230^240^260, 0^50^60^90^120^130^140^150^160^170^190^200^210^220^260, 0^50^60^90^120^130^140^150^160^170^190^200^210^260, 0^50^60^90^120^130^140^150^160^170^190^200^260, 0^50^60^90^120^130^140^150^160^170^190^260, 0^40^50^90^100^110^120^130^140^150^160^170^180^190^200^210^220^230^240^250^260, 0^40^50^90^100^110^120^130^140^150^160^170^180^190^200^210^220^230^240^260, 0^40^50^90^100^110^120^130^140^150^160^170^180^190^200^210^220^260, 0^40^50^90^100^110^120^130^140^150^160^170^180^190^200^210^260, 0^40^50^90^100^110^120^130^140^150^160^170^180^190^200^260, 0^40^50^90^100^110^120^130^140^150^160^170^180^190^260, 0^40^50^90^100^110^120^130^140^150^160^170^180^260, 0^40^50^90^100^110^120^130^140^150^160^170^260, 0^40^50^90^100^110^120^130^140^150^260, 0^40^50^90^100^110^120^130^140^260, 0^40^50^90^100^110^120^260, 0^40^50^90^100^110^260, 0^40^50^90^100^260, 0^40^50^90^260, 0^40^50^260, 0^50^70^80^90^100^110^120^130^140^150^160^170^190^200^210^220^230^240^250^260, 0^50^70^80^90^100^110^120^130^140^150^160^170^190^200^210^220^230^240^260, 0^50^70^80^90^100^110^120^130^140^150^160^170^190^200^210^220^260, 0^50^70^80^90^100^110^120^130^140^150^160^170^190^200^210^260, 0^50^70^80^90^100^110^120^130^140^150^160^170^190^200^260, 0^50^70^80^90^100^110^120^130^140^150^160^170^190^260, 0^50^70^80^90^100^110^120^130^140^150^160^170^260, 0^50^70^80^90^100^110^120^130^140^150^260, 0^50^70^80^90^100^110^120^130^140^260, 0^50^70^80^90^100^110^120^260, 0^50^70^80^90^100^110^260, 0^50^70^80^90^100^260, 0^50^70^80^90^260, 0^50^70^80^260, 0^50^70^260, 0^40^60^90^100^110^120^130^140^150^160^170^180^190^200^210^220^230^240^250^260, 0^40^60^90^100^110^120^130^140^150^160^170^180^190^200^210^220^230^240^260, 0^40^60^90^100^110^120^130^140^150^160^170^180^190^200^210^220^260, 0^40^60^90^100^110^120^130^140^150^160^170^180^190^200^210^260, 0^40^60^90^100^110^120^130^140^150^160^170^180^190^200^260, 0^40^60^90^100^110^120^130^140^150^160^170^180^190^260, 0^40^60^90^100^110^120^130^140^150^160^170^180^260, 0^40^60^90^100^110^120^130^140^150^160^170^260, 0^40^60^90^100^110^120^130^140^150^260, 0^40^60^90^100^110^120^130^140^260, 0^40^60^90^100^110^120^260, 0^40^60^90^100^110^260, 0^40^60^90^100^260, 0^40^60^90^260, 0^40^60^260, 0^50^60^90^100^110^130^140^150^160^170^180^190^200^210^220^230^240^250^260, 0^50^60^90^100^110^130^140^150^160^170^180^190^200^210^220^230^240^260, 0^50^60^90^100^110^130^140^150^160^170^180^190^200^210^220^260, 0^50^60^90^100^110^130^140^150^160^170^180^190^200^210^260, 0^50^60^90^100^110^130^140^150^160^170^180^190^200^260, 0^50^60^90^100^110^130^140^150^160^170^180^190^260, 0^50^60^90^100^110^130^140^150^160^170^180^260, 0^50^60^90^100^110^130^140^150^160^170^260, 0^50^60^90^100^110^130^140^150^260, 0^50^60^90^100^110^130^140^260, 0^50^60^90^100^110^260, 0^50^60^90^100^260, 0^50^70^80^90^100^110^120^130^140^150^160^170^180^190^200^210^220^230^240^250^260, 0^50^70^80^90^100^110^120^130^140^150^160^170^180^190^200^210^220^230^240^260, 0^50^70^80^90^100^110^120^130^140^150^160^170^180^190^200^210^220^260, 0^50^70^80^90^100^110^120^130^140^150^160^170^180^190^200^210^260, 0^50^70^80^90^100^110^120^130^140^150^160^170^180^190^200^260, 0^50^70^80^90^100^110^120^130^140^150^160^170^180^190^260, 0^50^70^80^90^100^110^120^130^140^150^160^170^180^260, 0^80^90^100^110^120^130^140^150^160^170^180^190^200^210^220^230^240^250^260, 0^80^90^100^110^120^130^140^150^160^170^180^190^200^210^220^230^240^260, 0^80^90^100^110^120^130^140^150^160^170^180^190^200^210^220^260, 0^80^90^100^110^120^130^140^150^160^170^180^190^200^210^260, 0^80^90^100^110^120^130^140^150^160^170^180^190^200^260, 0^80^90^100^110^120^130^140^150^160^170^180^190^260, 0^80^90^100^110^120^130^140^150^160^170^180^260, 0^80^90^100^110^120^130^140^150^160^170^260, 0^80^90^100^110^120^130^140^150^260, 0^80^90^100^110^120^130^140^260, 0^80^90^100^110^120^260, 0^80^90^100^110^260, 0^80^90^100^260, 0^80^90^260, 0^80^260, 0^50^60^90^100^110^120^130^140^150^160^170^180^190^200^210^220^230^240^250^260, 0^50^60^90^100^110^120^130^140^150^160^170^180^190^200^210^220^230^240^260, 0^50^60^90^100^110^120^130^140^150^160^170^180^190^200^210^220^260, 0^50^60^90^100^110^120^130^140^150^160^170^180^190^200^210^260, 0^50^60^90^100^110^120^130^140^150^160^170^180^190^200^260, 0^50^60^90^100^110^120^130^140^150^160^170^180^190^260, 0^50^60^90^100^110^120^130^140^150^160^170^180^260, 0^50^60^90^100^110^120^130^140^150^160^170^260, 0^50^60^90^100^110^120^130^140^150^260, 0^50^60^90^100^110^120^130^140^260, 0^50^60^90^100^110^120^260, 0^50^60^90^120^130^140^150^160^170^180^190^200^210^220^230^240^250^260, 0^50^60^90^120^130^140^150^160^170^180^190^200^210^220^230^240^260, 0^50^60^90^120^130^140^150^160^170^180^190^200^210^220^260, 0^50^60^90^120^130^140^150^160^170^180^190^200^210^260, 0^50^60^90^120^130^140^150^160^170^180^190^200^260, 0^50^60^90^120^130^140^150^160^170^180^190^260, 0^70^80^90^100^110^120^130^140^150^160^170^180^190^200^210^220^230^240^250^260, 0^70^80^90^100^110^120^130^140^150^160^170^180^190^200^210^220^230^240^260, 0^70^80^90^100^110^120^130^140^150^160^170^180^190^200^210^220^260, 0^70^80^90^100^110^120^130^140^150^160^170^180^190^200^210^260, 0^70^80^90^100^110^120^130^140^150^160^170^180^190^200^260, 0^70^80^90^100^110^120^130^140^150^160^170^180^190^260, 0^70^80^90^100^110^120^130^140^150^160^170^180^260, 0^70^80^90^100^110^120^130^140^150^160^170^260, 0^70^80^90^100^110^120^130^140^150^260, 0^70^80^90^100^110^120^130^140^260, 0^70^80^90^100^110^120^260, 0^70^80^90^100^110^260, 0^70^80^90^100^260, 0^70^80^90^260, 0^70^80^260, 0^70^260, 0^40^50^60^90^100^110^120^130^140^150^160^170^180^190^200^210^220^230^240^250^260, 0^40^50^60^90^100^110^120^130^140^150^160^170^180^190^200^210^220^230^240^260, 0^40^50^60^90^100^110^120^130^140^150^160^170^180^190^200^210^220^260, 0^40^50^60^90^100^110^120^130^140^150^160^170^180^190^200^210^260, 0^40^50^60^90^100^110^120^130^140^150^160^170^180^190^200^260, 0^40^50^60^90^100^110^120^130^140^150^160^170^180^190^260, 0^40^50^60^90^100^110^120^130^140^150^160^170^180^260, 0^40^50^60^90^100^110^120^130^140^150^160^170^260, 0^40^50^60^90^100^110^120^130^140^150^260, 0^40^50^60^90^100^110^120^130^140^260, 0^40^50^60^90^100^110^120^260, 0^40^50^60^90^100^110^260, 0^40^50^60^90^100^260, 0^40^50^60^90^260, 0^40^50^60^260, 0^40^80^90^100^110^120^130^140^150^160^170^180^190^200^210^220^230^240^250^260, 0^40^80^90^100^110^120^130^140^150^160^170^180^190^200^210^220^230^240^260, 0^40^80^90^100^110^120^130^140^150^160^170^180^190^200^210^220^260, 0^40^80^90^100^110^120^130^140^150^160^170^180^190^200^210^260, 0^40^80^90^100^110^120^130^140^150^160^170^180^190^200^260, 0^40^80^90^100^110^120^130^140^150^160^170^180^190^260, 0^40^80^90^100^110^120^130^140^150^160^170^180^260, 0^40^80^90^100^110^120^130^140^150^160^170^260, 0^40^80^90^100^110^120^130^140^150^260, 0^40^80^90^100^110^120^130^140^260, 0^40^80^90^100^110^120^260, 0^40^80^90^100^110^260, 0^40^80^90^100^260, 0^40^80^90^260, 0^40^80^260, 0^40^50^70^80^90^100^110^120^130^140^150^160^170^180^190^200^210^220^230^240^250^260, 0^40^50^70^80^90^100^110^120^130^140^150^160^170^180^190^200^210^220^230^240^260, 0^40^50^70^80^90^100^110^120^130^140^150^160^170^180^190^200^210^220^260, 0^40^50^70^80^90^100^110^120^130^140^150^160^170^180^190^200^210^260, 0^40^50^70^80^90^100^110^120^130^140^150^160^170^180^190^200^260, 0^40^50^70^80^90^100^110^120^130^140^150^160^170^180^190^260, 0^40^50^70^80^90^100^110^120^130^140^150^160^170^180^260, 0^40^50^70^80^90^100^110^120^130^140^150^160^170^260, 0^40^50^70^80^90^100^110^120^130^140^150^260, 0^40^50^70^80^90^100^110^120^130^140^260, 0^40^50^70^80^90^100^110^120^260, 0^40^50^70^80^90^100^110^260, 0^40^50^70^80^90^100^260, 0^40^50^70^80^90^260, 0^40^50^70^80^260, 0^40^50^70^260]
Population evolution... 
Population size before selection: 192
Time: 2300 
Population size after selection: 15
Selection finished 
Step:  24 
Current length: 260 
Calculate new foldons... finished
Generating new secondary structures...