Step:   0 
Step:   1 
Current length: 20 
Calculate new foldons... finished
Generating new secondary structures... finished
Population evolution... 
Population size before selection: 2
Time: 1 
Population size after selection: 2
Selection finished 
Step:   2 
Current length: 30 
Calculate new foldons... finished
Generating new secondary structures... finished
Population evolution... 
Population size before selection: 3
Time: 2 
Population size after selection: 3
Selection finished 
Step:   3 
Current length: 40 
Calculate new foldons... finished
Generating new secondary structures... finished
Population evolution... 
Population size before selection: 3
Time: 3 
Population size after selection: 3
Selection finished 
Step:   4 
Current length: 50 
Calculate new foldons... finished
Generating new secondary structures... finished
Population evolution... 
Population size before selection: 5
Time: 4 
Population size after selection: 5
Selection finished 
Step:   5 
Current length: 60 
Calculate new foldons... finished
Generating new secondary structures... finished
Population evolution... 
Population size before selection: 10
Time: 5 
Population size after selection: 10
Selection finished 
Step:   6 
Current length: 70 
Calculate new foldons... finished
Generating new secondary structures... finished
Population evolution... 
Population size before selection: 21
Time: 6 
Population size after selection: 21
Selection finished 
Step:   7 
Current length: 80 
Calculate new foldons... finished
Generating new secondary structures... finished
Population evolution... 
Population size before selection: 40
Time: 7 
Population size after selection: 40
Selection finished 
Step:   8 
Current length: 90 
Calculate new foldons...