Step:   0 
Step:   1 
Current length: 40 
Calculate new foldons... finished
Generating new secondary structures... finished
Population evolution... 
Population size before selection: 1
Time: 2 
Population size after selection: 1
Selection finished 
Step:   2 
Current length: 60 
Calculate new foldons... finished
Generating new secondary structures... finished
Population evolution... 
Population size before selection: 2
Time: 4 
Population size after selection: 2
Selection finished 
Step:   3 
Current length: 80 
Calculate new foldons... finished
Generating new secondary structures... finished
Population evolution... 
Population size before selection: 4
Time: 6 
Population size after selection: 4
Selection finished 
Step:   4 
Current length: 100 
Calculate new foldons... finished
Generating new secondary structures... finished
Population evolution... 
Population size before selection: 8
Time: 8 
Population size after selection: 8
Selection finished 
Step:   5 
Current length: 120 
Calculate new foldons... finished
Generating new secondary structures... finished
Population evolution... 
Population size before selection: 14
Time: 10 
Population size after selection: 14
Selection finished 
Step:   6 
Current length: 140 
Calculate new foldons... finished
Generating new secondary structures... finished
Population evolution... 
Population size before selection: 30
Time: 12 
Population size after selection: 30
Selection finished 
Step:   7 
Current length: 160 
Calculate new foldons... finished
Generating new secondary structures... finished
Population evolution... 
Population size before selection: 60
Time: 14 
Population size after selection: 60
Selection finished 
Step:   8 
Current length: 180 
Calculate new foldons... finished
Generating new secondary structures... finished
Population evolution... 
Population size before selection: 116
Time: 16 
Population size after selection: 100
Selection finished 
Step:   9 
Current length: 200 
Calculate new foldons... finished
Generating new secondary structures... finished
Population evolution... 
Population size before selection: 170
Time: 18 
Population size after selection: 100
Selection finished 
Step:  10 
Current length: 220 
Calculate new foldons... finished
Generating new secondary structures... finished
Population evolution... 
Population size before selection: 218
Time: 20 
Population size after selection: 100
Selection finished 
Step:  11 
Current length: 240 
Calculate new foldons... finished
Generating new secondary structures... finished
Population evolution... 
Population size before selection: 276
Time: 22 
Population size after selection: 100
Selection finished 
Step:  12 
Current length: 260 
Calculate new foldons... finished
Generating new secondary structures... finished
Population evolution... 
Population size before selection: 255
Time: 24 
Population size after selection: 100
Selection finished 
Step:  13 
Current length: 280 
Calculate new foldons... finished
Generating new secondary structures... finished
Population evolution... 
Population size before selection: 250
Time: 26 
Population size after selection: 100
Selection finished 
Step:  14 
Current length: 300 
Calculate new foldons... finished
Generating new secondary structures... finished
Population evolution... 
Population size before selection: 348
Time: 28 
Population size after selection: 100
Selection finished 
Step:  15 
Current length: 320 
Calculate new foldons... finished
Generating new secondary structures... finished
Population evolution... 
Population size before selection: 309
Time: 30 
Population size after selection: 100
Selection finished 
Step:  16 
Current length: 340 
Calculate new foldons... finished
Generating new secondary structures... finished
Population evolution... 
Population size before selection: 313
Time: 32 
Population size after selection: 100
Selection finished 
Step:  17 
Current length: 360 
Calculate new foldons... finished
Generating new secondary structures... finished
Population evolution... 
Population size before selection: 394
Time: 34 
Population size after selection: 100
Selection finished 
Step:  18 
Current length: 380 
Calculate new foldons... finished
Generating new secondary structures... finished
Population evolution... 
Population size before selection: 474
Time: 36 
Population size after selection: 100
Selection finished 
Step:  19 
Current length: 400 
Calculate new foldons... finished
Generating new secondary structures... finished
Population evolution... 
Population size before selection: 463
Time: 38 
Population size after selection: 100
Selection finished 
Step:  20 
Current length: 420 
Calculate new foldons... finished
Generating new secondary structures... finished
Population evolution... 
Population size before selection: 531
Time: 40 
Population size after selection: 100
Selection finished 
Step:  21 
Current length: 440 
Calculate new foldons... finished
Generating new secondary structures... finished
Population evolution... 
Population size before selection: 492
Time: 42 
Population size after selection: 100
Selection finished 
Step:  22 
Current length: 460 
Calculate new foldons... finished
Generating new secondary structures... finished
Population evolution... 
Population size before selection: 666
Time: 44 
Population size after selection: 100
Selection finished 
Step:  23 
Current length: 480 
Calculate new foldons...